{"numFailedTestSuites":17,"numFailedTests":70,"numPassedTestSuites":48,"numPassedTests":928,"numPendingTestSuites":0,"numPendingTests":0,"numRuntimeErrorTestSuites":0,"numTodoTests":0,"numTotalTestSuites":65,"numTotalTests":998,"openHandles":[],"snapshot":{"added":0,"didUpdate":false,"failure":false,"filesAdded":0,"filesRemoved":0,"filesRemovedList":[],"filesUnmatched":0,"filesUpdated":0,"matched":0,"total":0,"unchecked":0,"uncheckedKeysByFile":[],"unmatched":0,"updated":0},"startTime":1786744701128,"success":false,"testResults":[{"assertionResults":[{"ancestorTitles":["when things are due"],"duration":5,"failureDetails":[],"failureMessages":[],"fullName":"when things are due holds anything scheduled for a later quarter","invocations":1,"location":null,"numPassingAsserts":2,"retryReasons":[],"status":"passed","title":"holds anything scheduled for a later quarter"},{"ancestorTitles":["when things are due"],"duration":1,"failureDetails":[],"failureMessages":[],"fullName":"when things are due delivers what is due now","invocations":1,"location":null,"numPassingAsserts":1,"retryReasons":[],"status":"passed","title":"delivers what is due now"},{"ancestorTitles":["when things are due"],"duration":1,"failureDetails":[],"failureMessages":[],"fullName":"when things are due delivers something overdue rather than stranding it","invocations":1,"location":null,"numPassingAsserts":1,"retryReasons":[],"status":"passed","title":"delivers something overdue rather than stranding it"},{"ancestorTitles":["the per-quarter allowance"],"duration":6,"failureDetails":[{"matcherResult":{"actual":["a"],"expected":["a","b"],"message":"expect(received).toEqual(expected) // deep equality\n\n- Expected  - 1\n+ Received  + 0\n\n  Array [\n    \"a\",\n-   \"b\",\n  ]","name":"toEqual","pass":false}}],"failureMessages":["Error: expect(received).toEqual(expected) // deep equality\n\n- Expected  - 1\n+ Received  + 0\n\n  Array [\n    \"a\",\n-   \"b\",\n  ]\n    at Object.toEqual (/Users/salihkilic/Succesor/src/core/story/inbox.test.ts:50:32)\n    at Promise.then.completed (/Users/salihkilic/Succesor/node_modules/jest-circus/build/utils.js:298:28)\n    at new Promise (<anonymous>)\n    at callAsyncCircusFn (/Users/salihkilic/Succesor/node_modules/jest-circus/build/utils.js:231:10)\n    at _callCircusTest (/Users/salihkilic/Succesor/node_modules/jest-circus/build/run.js:316:40)\n    at processTicksAndRejections (node:internal/process/task_queues:95:5)\n    at _runTest (/Users/salihkilic/Succesor/node_modules/jest-circus/build/run.js:252:3)\n    at _runTestsForDescribeBlock (/Users/salihkilic/Succesor/node_modules/jest-circus/build/run.js:126:9)\n    at _runTestsForDescribeBlock (/Users/salihkilic/Succesor/node_modules/jest-circus/build/run.js:121:9)\n    at run (/Users/salihkilic/Succesor/node_modules/jest-circus/build/run.js:71:3)\n    at runAndTransformResultsToJestFormat (/Users/salihkilic/Succesor/node_modules/jest-circus/build/legacy-code-todo-rewrite/jestAdapterInit.js:122:21)\n    at jestAdapter (/Users/salihkilic/Succesor/node_modules/jest-circus/build/legacy-code-todo-rewrite/jestAdapter.js:79:19)\n    at runTestInternal (/Users/salihkilic/Succesor/node_modules/jest-runner/build/runTest.js:367:16)\n    at runTest (/Users/salihkilic/Succesor/node_modules/jest-runner/build/runTest.js:444:34)\n    at Object.worker (/Users/salihkilic/Succesor/node_modules/jest-runner/build/testWorker.js:106:12)"],"fullName":"the per-quarter allowance lets two through and holds the rest","invocations":1,"location":null,"numPassingAsserts":1,"retryReasons":[],"status":"failed","title":"lets two through and holds the rest"},{"ancestorTitles":["the per-quarter allowance"],"duration":2,"failureDetails":[{"matcherResult":{"actual":["a"],"expected":["a","b"],"message":"expect(received).toEqual(expected) // deep equality\n\n- Expected  - 1\n+ Received  + 0\n\n  Array [\n    \"a\",\n-   \"b\",\n  ]","name":"toEqual","pass":false}}],"failureMessages":["Error: expect(received).toEqual(expected) // deep equality\n\n- Expected  - 1\n+ Received  + 0\n\n  Array [\n    \"a\",\n-   \"b\",\n  ]\n    at Object.toEqual (/Users/salihkilic/Succesor/src/core/story/inbox.test.ts:60:36)\n    at Promise.then.completed (/Users/salihkilic/Succesor/node_modules/jest-circus/build/utils.js:298:28)\n    at new Promise (<anonymous>)\n    at callAsyncCircusFn (/Users/salihkilic/Succesor/node_modules/jest-circus/build/utils.js:231:10)\n    at _callCircusTest (/Users/salihkilic/Succesor/node_modules/jest-circus/build/run.js:316:40)\n    at processTicksAndRejections (node:internal/process/task_queues:95:5)\n    at _runTest (/Users/salihkilic/Succesor/node_modules/jest-circus/build/run.js:252:3)\n    at _runTestsForDescribeBlock (/Users/salihkilic/Succesor/node_modules/jest-circus/build/run.js:126:9)\n    at _runTestsForDescribeBlock (/Users/salihkilic/Succesor/node_modules/jest-circus/build/run.js:121:9)\n    at run (/Users/salihkilic/Succesor/node_modules/jest-circus/build/run.js:71:3)\n    at runAndTransformResultsToJestFormat (/Users/salihkilic/Succesor/node_modules/jest-circus/build/legacy-code-todo-rewrite/jestAdapterInit.js:122:21)\n    at jestAdapter (/Users/salihkilic/Succesor/node_modules/jest-circus/build/legacy-code-todo-rewrite/jestAdapter.js:79:19)\n    at runTestInternal (/Users/salihkilic/Succesor/node_modules/jest-runner/build/runTest.js:367:16)\n    at runTest (/Users/salihkilic/Succesor/node_modules/jest-runner/build/runTest.js:444:34)\n    at Object.worker (/Users/salihkilic/Succesor/node_modules/jest-runner/build/testWorker.js:106:12)"],"fullName":"the per-quarter allowance drops nothing - the overflow arrives next quarter, in order","invocations":1,"location":null,"numPassingAsserts":0,"retryReasons":[],"status":"failed","title":"drops nothing - the overflow arrives next quarter, in order"},{"ancestorTitles":["the per-quarter allowance"],"duration":1,"failureDetails":[],"failureMessages":[],"fullName":"the per-quarter allowance serves the oldest queue first, however important the new arrival thinks it is","invocations":1,"location":null,"numPassingAsserts":1,"retryReasons":[],"status":"passed","title":"serves the oldest queue first, however important the new arrival thinks it is"},{"ancestorTitles":["the per-quarter allowance"],"duration":2,"failureDetails":[],"failureMessages":[],"fullName":"the per-quarter allowance keeps a wave in its written order","invocations":1,"location":null,"numPassingAsserts":1,"retryReasons":[],"status":"passed","title":"keeps a wave in its written order"},{"ancestorTitles":["urgent"],"duration":1,"failureDetails":[],"failureMessages":[],"fullName":"urgent ignores the allowance","invocations":1,"location":null,"numPassingAsserts":2,"retryReasons":[],"status":"passed","title":"ignores the allowance"},{"ancestorTitles":["urgent"],"duration":4,"failureDetails":[{"matcherResult":{"actual":["a","urgent"],"expected":["a","b","urgent"],"message":"expect(received).toEqual(expected) // deep equality\n\n- Expected  - 1\n+ Received  + 0\n\n  Array [\n    \"a\",\n-   \"b\",\n    \"urgent\",\n  ]","name":"toEqual","pass":false}}],"failureMessages":["Error: expect(received).toEqual(expected) // deep equality\n\n- Expected  - 1\n+ Received  + 0\n\n  Array [\n    \"a\",\n-   \"b\",\n    \"urgent\",\n  ]\n    at Object.toEqual (/Users/salihkilic/Succesor/src/core/story/inbox.test.ts:102:39)\n    at Promise.then.completed (/Users/salihkilic/Succesor/node_modules/jest-circus/build/utils.js:298:28)\n    at new Promise (<anonymous>)\n    at callAsyncCircusFn (/Users/salihkilic/Succesor/node_modules/jest-circus/build/utils.js:231:10)\n    at _callCircusTest (/Users/salihkilic/Succesor/node_modules/jest-circus/build/run.js:316:40)\n    at processTicksAndRejections (node:internal/process/task_queues:95:5)\n    at _runTest (/Users/salihkilic/Succesor/node_modules/jest-circus/build/run.js:252:3)\n    at _runTestsForDescribeBlock (/Users/salihkilic/Succesor/node_modules/jest-circus/build/run.js:126:9)\n    at _runTestsForDescribeBlock (/Users/salihkilic/Succesor/node_modules/jest-circus/build/run.js:121:9)\n    at run (/Users/salihkilic/Succesor/node_modules/jest-circus/build/run.js:71:3)\n    at runAndTransformResultsToJestFormat (/Users/salihkilic/Succesor/node_modules/jest-circus/build/legacy-code-todo-rewrite/jestAdapterInit.js:122:21)\n    at jestAdapter (/Users/salihkilic/Succesor/node_modules/jest-circus/build/legacy-code-todo-rewrite/jestAdapter.js:79:19)\n    at runTestInternal (/Users/salihkilic/Succesor/node_modules/jest-runner/build/runTest.js:367:16)\n    at runTest (/Users/salihkilic/Succesor/node_modules/jest-runner/build/runTest.js:444:34)\n    at Object.worker (/Users/salihkilic/Succesor/node_modules/jest-runner/build/testWorker.js:106:12)"],"fullName":"urgent does not spend the allowance, so the routine two still arrive","invocations":1,"location":null,"numPassingAsserts":0,"retryReasons":[],"status":"failed","title":"does not spend the allowance, so the routine two still arrive"},{"ancestorTitles":["conversations that are due but blocked"],"duration":1,"failureDetails":[],"failureMessages":[],"fullName":"conversations that are due but blocked waits rather than dropping, because a gate can come true later","invocations":1,"location":null,"numPassingAsserts":2,"retryReasons":[],"status":"passed","title":"waits rather than dropping, because a gate can come true later"},{"ancestorTitles":["conversations that are due but blocked"],"duration":1,"failureDetails":[],"failureMessages":[],"fullName":"conversations that are due but blocked does not spend the allowance while it waits","invocations":1,"location":null,"numPassingAsserts":1,"retryReasons":[],"status":"passed","title":"does not spend the allowance while it waits"},{"ancestorTitles":["conversations that are due but blocked"],"duration":1,"failureDetails":[],"failureMessages":[],"fullName":"conversations that are due but blocked gives up once it has waited past its expiry","invocations":1,"location":null,"numPassingAsserts":2,"retryReasons":[],"status":"passed","title":"gives up once it has waited past its expiry"},{"ancestorTitles":["conversations that are due but blocked"],"duration":0,"failureDetails":[],"failureMessages":[],"fullName":"conversations that are due but blocked waits forever when no expiry was set","invocations":1,"location":null,"numPassingAsserts":1,"retryReasons":[],"status":"passed","title":"waits forever when no expiry was set"},{"ancestorTitles":["conversations that are due but blocked"],"duration":0,"failureDetails":[],"failureMessages":[],"fullName":"conversations that are due but blocked an expiry does not throw away something that CAN be delivered","invocations":1,"location":null,"numPassingAsserts":1,"retryReasons":[],"status":"passed","title":"an expiry does not throw away something that CAN be delivered"},{"ancestorTitles":["nextPriority"],"duration":0,"failureDetails":[],"failureMessages":[],"fullName":"nextPriority starts at zero for an empty quarter","invocations":1,"location":null,"numPassingAsserts":1,"retryReasons":[],"status":"passed","title":"starts at zero for an empty quarter"},{"ancestorTitles":["nextPriority"],"duration":1,"failureDetails":[],"failureMessages":[],"fullName":"nextPriority counts only the quarter being queued into","invocations":1,"location":null,"numPassingAsserts":2,"retryReasons":[],"status":"passed","title":"counts only the quarter being queued into"}],"endTime":1786744702292,"message":"  ● the per-quarter allowance › lets two through and holds the rest\n\n    expect(received).toEqual(expected) // deep equality\n\n    - Expected  - 1\n    + Received  + 0\n\n      Array [\n        \"a\",\n    -   \"b\",\n      ]\n\n      48 |         const r = drain(six, 1, always);\n      49 |         expect(r.deliver).toHaveLength(DELIVERIES_PER_QUARTER);\n    > 50 |         expect(ids(r.deliver)).toEqual(['a', 'b']);\n         |                                ^\n      51 |         expect(ids(r.keep)).toEqual(['c', 'd', 'e', 'f']);\n      52 |     });\n      53 |\n\n      at Object.toEqual (src/core/story/inbox.test.ts:50:32)\n\n  ● the per-quarter allowance › drops nothing - the overflow arrives next quarter, in order\n\n    expect(received).toEqual(expected) // deep equality\n\n    - Expected  - 1\n    + Received  + 0\n\n      Array [\n        \"a\",\n    -   \"b\",\n      ]\n\n      58 |         const first = drain(wave, 1, always);\n      59 |         const second = drain(first.keep, 2, always);\n    > 60 |         expect(ids(first.deliver)).toEqual(['a', 'b']);\n         |                                    ^\n      61 |         expect(ids(second.deliver)).toEqual(['c', 'd']);\n      62 |         expect(second.keep).toEqual([]);\n      63 |     });\n\n      at Object.toEqual (src/core/story/inbox.test.ts:60:36)\n\n  ● urgent › does not spend the allowance, so the routine two still arrive\n\n    expect(received).toEqual(expected) // deep equality\n\n    - Expected  - 1\n    + Received  + 0\n\n      Array [\n        \"a\",\n    -   \"b\",\n        \"urgent\",\n      ]\n\n      100 |             item({ conversationId: 'b', priority: 2 }),\n      101 |         ], 1, always);\n    > 102 |         expect(ids(r.deliver).sort()).toEqual(['a', 'b', 'urgent']);\n          |                                       ^\n      103 |     });\n      104 | });\n      105 |\n\n      at Object.toEqual (src/core/story/inbox.test.ts:102:39)\n","name":"/Users/salihkilic/Succesor/src/core/story/inbox.test.ts","startTime":1786744701680,"status":"failed","summary":""},{"assertionResults":[{"ancestorTitles":["the counter counts quarters, not visits"],"duration":8,"failureDetails":[],"failureMessages":[],"fullName":"the counter counts quarters, not visits one visit marks the quarter and a second changes nothing","invocations":1,"location":null,"numPassingAsserts":1,"retryReasons":[],"status":"passed","title":"one visit marks the quarter and a second changes nothing"},{"ancestorTitles":["the counter counts quarters, not visits"],"duration":2,"failureDetails":[],"failureMessages":[],"fullName":"the counter counts quarters, not visits and a quarter with no visit clears the whole run","invocations":1,"location":null,"numPassingAsserts":2,"retryReasons":[],"status":"passed","title":"and a quarter with no visit clears the whole run"},{"ancestorTitles":["the counter counts quarters, not visits"],"duration":1,"failureDetails":[],"failureMessages":[],"fullName":"the counter counts quarters, not visits ...and starting again starts from one, not from where it stopped","invocations":1,"location":null,"numPassingAsserts":1,"retryReasons":[],"status":"passed","title":"...and starting again starts from one, not from where it stopped"},{"ancestorTitles":["the counter counts quarters, not visits"],"duration":1,"failureDetails":[],"failureMessages":[],"fullName":"the counter counts quarters, not visits advancing several months at once is still one quarter of attendance","invocations":1,"location":null,"numPassingAsserts":1,"retryReasons":[],"status":"passed","title":"advancing several months at once is still one quarter of attendance"},{"ancestorTitles":["the counter counts quarters, not visits"],"duration":2,"failureDetails":[],"failureMessages":[],"fullName":"the counter counts quarters, not visits and the longest run is remembered even after the streak breaks","invocations":1,"location":null,"numPassingAsserts":2,"retryReasons":[],"status":"passed","title":"and the longest run is remembered even after the streak breaks"},{"ancestorTitles":["three in a row is where it becomes printable"],"duration":1,"failureDetails":[],"failureMessages":[],"fullName":"three in a row is where it becomes printable the scene and the store agree on the number","invocations":1,"location":null,"numPassingAsserts":1,"retryReasons":[],"status":"passed","title":"the scene and the store agree on the number"},{"ancestorTitles":["three in a row is where it becomes printable"],"duration":0,"failureDetails":[],"failureMessages":[],"fullName":"three in a row is where it becomes printable two quarters is not a pattern","invocations":1,"location":null,"numPassingAsserts":1,"retryReasons":[],"status":"passed","title":"two quarters is not a pattern"},{"ancestorTitles":["three in a row is where it becomes printable"],"duration":1,"failureDetails":[],"failureMessages":[],"fullName":"three in a row is where it becomes printable three is","invocations":1,"location":null,"numPassingAsserts":2,"retryReasons":[],"status":"passed","title":"three is"},{"ancestorTitles":["three in a row is where it becomes printable"],"duration":6,"failureDetails":[{"matcherResult":{"message":"expect(received).toBeCloseTo(expected, precision)\n\nExpected: 0.3\nReceived: 0.15\n\nExpected precision:    6\nExpected difference: < 0.0000005\nReceived difference:   0.15","pass":false}}],"failureMessages":["Error: expect(received).toBeCloseTo(expected, precision)\n\nExpected: 0.3\nReceived: 0.15\n\nExpected precision:    6\nExpected difference: < 0.0000005\nReceived difference:   0.15\n    at Object.toBeCloseTo (/Users/salihkilic/Succesor/src/core/market/casinoRisk.test.ts:119:43)\n    at Promise.then.completed (/Users/salihkilic/Succesor/node_modules/jest-circus/build/utils.js:298:28)\n    at new Promise (<anonymous>)\n    at callAsyncCircusFn (/Users/salihkilic/Succesor/node_modules/jest-circus/build/utils.js:231:10)\n    at _callCircusTest (/Users/salihkilic/Succesor/node_modules/jest-circus/build/run.js:316:40)\n    at processTicksAndRejections (node:internal/process/task_queues:95:5)\n    at _runTest (/Users/salihkilic/Succesor/node_modules/jest-circus/build/run.js:252:3)\n    at _runTestsForDescribeBlock (/Users/salihkilic/Succesor/node_modules/jest-circus/build/run.js:126:9)\n    at _runTestsForDescribeBlock (/Users/salihkilic/Succesor/node_modules/jest-circus/build/run.js:121:9)\n    at run (/Users/salihkilic/Succesor/node_modules/jest-circus/build/run.js:71:3)\n    at runAndTransformResultsToJestFormat (/Users/salihkilic/Succesor/node_modules/jest-circus/build/legacy-code-todo-rewrite/jestAdapterInit.js:122:21)\n    at jestAdapter (/Users/salihkilic/Succesor/node_modules/jest-circus/build/legacy-code-todo-rewrite/jestAdapter.js:79:19)\n    at runTestInternal (/Users/salihkilic/Succesor/node_modules/jest-runner/build/runTest.js:367:16)\n    at runTest (/Users/salihkilic/Succesor/node_modules/jest-runner/build/runTest.js:444:34)\n    at Object.worker (/Users/salihkilic/Succesor/node_modules/jest-runner/build/testWorker.js:106:12)"],"fullName":"three in a row is where it becomes printable and it is thirty per cent, rolled again every quarter the streak survives","invocations":1,"location":null,"numPassingAsserts":0,"retryReasons":[],"status":"failed","title":"and it is thirty per cent, rolled again every quarter the streak survives"},{"ancestorTitles":["three in a row is where it becomes printable"],"duration":1,"failureDetails":[],"failureMessages":[],"fullName":"three in a row is where it becomes printable and once it has run it cannot run again","invocations":1,"location":null,"numPassingAsserts":1,"retryReasons":[],"status":"passed","title":"and once it has run it cannot run again"},{"ancestorTitles":["three in a row is where it becomes printable"],"duration":1,"failureDetails":[],"failureMessages":[],"fullName":"three in a row is where it becomes printable and the player who stops is out of range immediately","invocations":1,"location":null,"numPassingAsserts":2,"retryReasons":[],"status":"passed","title":"and the player who stops is out of range immediately"}],"endTime":1786744702294,"message":"  ● three in a row is where it becomes printable › and it is thirty per cent, rolled again every quarter the streak survives\n\n    expect(received).toBeCloseTo(expected, precision)\n\n    Expected: 0.3\n    Received: 0.15\n\n    Expected precision:    6\n    Expected difference: < 0.0000005\n    Received difference:   0.15\n\n      117 |         // doing the thing - and a single roll would let somebody survive one\n      118 |         // bad quarter and then play for a decade in perfect safety.\n    > 119 |         expect(casinoScandalEvent.chance).toBeCloseTo(0.30, 6);\n          |                                           ^\n      120 |     });\n      121 |\n      122 |     it('and once it has run it cannot run again', () => {\n\n      at Object.toBeCloseTo (src/core/market/casinoRisk.test.ts:119:43)\n","name":"/Users/salihkilic/Succesor/src/core/market/casinoRisk.test.ts","startTime":1786744701684,"status":"failed","summary":""},{"assertionResults":[{"ancestorTitles":["all of it is in the game"],"duration":20,"failureDetails":[],"failureMessages":[],"fullName":"all of it is in the game registered, valid, in the pool","invocations":1,"location":null,"numPassingAsserts":13,"retryReasons":[],"status":"passed","title":"registered, valid, in the pool"},{"ancestorTitles":["all of it is in the game"],"duration":1,"failureDetails":[],"failureMessages":[],"fullName":"all of it is in the game the unknown number cannot write a letter","invocations":1,"location":null,"numPassingAsserts":3,"retryReasons":[],"status":"passed","title":"the unknown number cannot write a letter"},{"ancestorTitles":["all of it is in the game"],"duration":0,"failureDetails":[],"failureMessages":[],"fullName":"all of it is in the game and the FBI cannot text","invocations":1,"location":null,"numPassingAsserts":3,"retryReasons":[],"status":"passed","title":"and the FBI cannot text"},{"ancestorTitles":["the door is hidden behind two other arcs"],"duration":0,"failureDetails":[],"failureMessages":[],"fullName":"the door is hidden behind two other arcs a player at peace with Pear never sees it","invocations":1,"location":null,"numPassingAsserts":1,"retryReasons":[],"status":"passed","title":"a player at peace with Pear never sees it"},{"ancestorTitles":["the door is hidden behind two other arcs"],"duration":1,"failureDetails":[],"failureMessages":[],"fullName":"the door is hidden behind two other arcs a player who is not that close to Marco never sees it","invocations":1,"location":null,"numPassingAsserts":1,"retryReasons":[],"status":"passed","title":"a player who is not that close to Marco never sees it"},{"ancestorTitles":["the door is hidden behind two other arcs"],"duration":1,"failureDetails":[],"failureMessages":[],"fullName":"the door is hidden behind two other arcs a player who refused him never sees it, whatever else is true","invocations":1,"location":null,"numPassingAsserts":1,"retryReasons":[],"status":"passed","title":"a player who refused him never sees it, whatever else is true"},{"ancestorTitles":["the door is hidden behind two other arcs"],"duration":0,"failureDetails":[],"failureMessages":[],"fullName":"the door is hidden behind two other arcs and it takes both together","invocations":1,"location":null,"numPassingAsserts":1,"retryReasons":[],"status":"passed","title":"and it takes both together"},{"ancestorTitles":["the door is hidden behind two other arcs"],"duration":16,"failureDetails":[{"matcherResult":{"message":"expect(received).toContain(expected) // indexOf\n\nExpected substring: \"Marco said\"\nReceived string:    \"I compile market intelligence from filings, manifests, and supplier registers. Legal, thorough research.·\nThat is tier one.\"","pass":false}}],"failureMessages":["Error: expect(received).toContain(expected) // indexOf\n\nExpected substring: \"Marco said\"\nReceived string:    \"I compile market intelligence from filings, manifests, and supplier registers. Legal, thorough research.·\nThat is tier one.\"\n    at Object.toContain (/Users/salihkilic/Succesor/src/data/events/mole.test.ts:128:48)\n    at Promise.then.completed (/Users/salihkilic/Succesor/node_modules/jest-circus/build/utils.js:298:28)\n    at new Promise (<anonymous>)\n    at callAsyncCircusFn (/Users/salihkilic/Succesor/node_modules/jest-circus/build/utils.js:231:10)\n    at _callCircusTest (/Users/salihkilic/Succesor/node_modules/jest-circus/build/run.js:316:40)\n    at processTicksAndRejections (node:internal/process/task_queues:95:5)\n    at _runTest (/Users/salihkilic/Succesor/node_modules/jest-circus/build/run.js:252:3)\n    at _runTestsForDescribeBlock (/Users/salihkilic/Succesor/node_modules/jest-circus/build/run.js:126:9)\n    at _runTestsForDescribeBlock (/Users/salihkilic/Succesor/node_modules/jest-circus/build/run.js:121:9)\n    at run (/Users/salihkilic/Succesor/node_modules/jest-circus/build/run.js:71:3)\n    at runAndTransformResultsToJestFormat (/Users/salihkilic/Succesor/node_modules/jest-circus/build/legacy-code-todo-rewrite/jestAdapterInit.js:122:21)\n    at jestAdapter (/Users/salihkilic/Succesor/node_modules/jest-circus/build/legacy-code-todo-rewrite/jestAdapter.js:79:19)\n    at runTestInternal (/Users/salihkilic/Succesor/node_modules/jest-runner/build/runTest.js:367:16)\n    at runTest (/Users/salihkilic/Succesor/node_modules/jest-runner/build/runTest.js:444:34)\n    at Object.worker (/Users/salihkilic/Succesor/node_modules/jest-runner/build/testWorker.js:106:12)"],"fullName":"the door is hidden behind two other arcs the stranger does not write to somebody Marco never told","invocations":1,"location":null,"numPassingAsserts":1,"retryReasons":[],"status":"failed","title":"the stranger does not write to somebody Marco never told"},{"ancestorTitles":["three doors, and only the third is the crime"],"duration":1,"failureDetails":[],"failureMessages":[],"fullName":"three doors, and only the third is the crime taking the number commits to nothing","invocations":1,"location":null,"numPassingAsserts":2,"retryReasons":[],"status":"passed","title":"taking the number commits to nothing"},{"ancestorTitles":["three doors, and only the third is the crime"],"duration":1,"failureDetails":[{"matcherResult":{"message":"expect(received).toContain(expected) // indexOf\n\nExpected substring: \"i think i wanted someone to tell me not to\"\nReceived string:    \"fair enough. i had his number and wanted to check with you first. forgotten.\"","pass":false}}],"failureMessages":["Error: expect(received).toContain(expected) // indexOf\n\nExpected substring: \"i think i wanted someone to tell me not to\"\nReceived string:    \"fair enough. i had his number and wanted to check with you first. forgotten.\"\n    at Object.toContain (/Users/salihkilic/Succesor/src/data/events/mole.test.ts:144:27)\n    at Promise.then.completed (/Users/salihkilic/Succesor/node_modules/jest-circus/build/utils.js:298:28)\n    at new Promise (<anonymous>)\n    at callAsyncCircusFn (/Users/salihkilic/Succesor/node_modules/jest-circus/build/utils.js:231:10)\n    at _callCircusTest (/Users/salihkilic/Succesor/node_modules/jest-circus/build/run.js:316:40)\n    at processTicksAndRejections (node:internal/process/task_queues:95:5)\n    at _runTest (/Users/salihkilic/Succesor/node_modules/jest-circus/build/run.js:252:3)\n    at _runTestsForDescribeBlock (/Users/salihkilic/Succesor/node_modules/jest-circus/build/run.js:126:9)\n    at _runTestsForDescribeBlock (/Users/salihkilic/Succesor/node_modules/jest-circus/build/run.js:121:9)\n    at run (/Users/salihkilic/Succesor/node_modules/jest-circus/build/run.js:71:3)\n    at runAndTransformResultsToJestFormat (/Users/salihkilic/Succesor/node_modules/jest-circus/build/legacy-code-todo-rewrite/jestAdapterInit.js:122:21)\n    at jestAdapter (/Users/salihkilic/Succesor/node_modules/jest-circus/build/legacy-code-todo-rewrite/jestAdapter.js:79:19)\n    at runTestInternal (/Users/salihkilic/Succesor/node_modules/jest-runner/build/runTest.js:367:16)\n    at runTest (/Users/salihkilic/Succesor/node_modules/jest-runner/build/runTest.js:444:34)\n    at Object.worker (/Users/salihkilic/Succesor/node_modules/jest-runner/build/testWorker.js:106:12)"],"fullName":"three doors, and only the third is the crime and the friend can be stopped before he sends it","invocations":1,"location":null,"numPassingAsserts":0,"retryReasons":[],"status":"failed","title":"and the friend can be stopped before he sends it"},{"ancestorTitles":["three doors, and only the third is the crime"],"duration":0,"failureDetails":[],"failureMessages":[],"fullName":"three doors, and only the third is the crime the legal tier is a real option with real value","invocations":1,"location":null,"numPassingAsserts":3,"retryReasons":[],"status":"passed","title":"the legal tier is a real option with real value"},{"ancestorTitles":["three doors, and only the third is the crime"],"duration":1,"failureDetails":[],"failureMessages":[],"fullName":"three doors, and only the third is the crime the crime itself is a spreadsheet","invocations":1,"location":null,"numPassingAsserts":2,"retryReasons":[],"status":"passed","title":"the crime itself is a spreadsheet"},{"ancestorTitles":["the odds move, and nothing says so"],"duration":0,"failureDetails":[],"failureMessages":[],"fullName":"the odds move, and nothing says so exactly one tier is live at a time","invocations":1,"location":null,"numPassingAsserts":2,"retryReasons":[],"status":"passed","title":"exactly one tier is live at a time"},{"ancestorTitles":["the odds move, and nothing says so"],"duration":2,"failureDetails":[],"failureMessages":[],"fullName":"the odds move, and nothing says so and neither is live for a player who never engaged","invocations":1,"location":null,"numPassingAsserts":2,"retryReasons":[],"status":"passed","title":"and neither is live for a player who never engaged"},{"ancestorTitles":["the odds move, and nothing says so"],"duration":1,"failureDetails":[{"matcherResult":{"message":"expect(received).toBeCloseTo(expected, precision)\n\nExpected: 0.30000000000000004\nReceived: 0.15\n\nExpected precision:    5\nExpected difference: < 0.000005\nReceived difference:   0.15000000000000005","pass":false}}],"failureMessages":["Error: expect(received).toBeCloseTo(expected, precision)\n\nExpected: 0.30000000000000004\nReceived: 0.15\n\nExpected precision:    5\nExpected difference: < 0.000005\nReceived difference:   0.15000000000000005\n    at Object.toBeCloseTo (/Users/salihkilic/Succesor/src/data/events/mole.test.ts:190:14)\n    at Promise.then.completed (/Users/salihkilic/Succesor/node_modules/jest-circus/build/utils.js:298:28)\n    at new Promise (<anonymous>)\n    at callAsyncCircusFn (/Users/salihkilic/Succesor/node_modules/jest-circus/build/utils.js:231:10)\n    at _callCircusTest (/Users/salihkilic/Succesor/node_modules/jest-circus/build/run.js:316:40)\n    at processTicksAndRejections (node:internal/process/task_queues:95:5)\n    at _runTest (/Users/salihkilic/Succesor/node_modules/jest-circus/build/run.js:252:3)\n    at _runTestsForDescribeBlock (/Users/salihkilic/Succesor/node_modules/jest-circus/build/run.js:126:9)\n    at _runTestsForDescribeBlock (/Users/salihkilic/Succesor/node_modules/jest-circus/build/run.js:121:9)\n    at run (/Users/salihkilic/Succesor/node_modules/jest-circus/build/run.js:71:3)\n    at runAndTransformResultsToJestFormat (/Users/salihkilic/Succesor/node_modules/jest-circus/build/legacy-code-todo-rewrite/jestAdapterInit.js:122:21)\n    at jestAdapter (/Users/salihkilic/Succesor/node_modules/jest-circus/build/legacy-code-todo-rewrite/jestAdapter.js:79:19)\n    at runTestInternal (/Users/salihkilic/Succesor/node_modules/jest-runner/build/runTest.js:367:16)\n    at runTest (/Users/salihkilic/Succesor/node_modules/jest-runner/build/runTest.js:444:34)\n    at Object.worker (/Users/salihkilic/Succesor/node_modules/jest-runner/build/testWorker.js:106:12)"],"fullName":"the odds move, and nothing says so buying twice is three times the odds","invocations":1,"location":null,"numPassingAsserts":0,"retryReasons":[],"status":"failed","title":"buying twice is three times the odds"},{"ancestorTitles":["the odds move, and nothing says so"],"duration":0,"failureDetails":[],"failureMessages":[],"fullName":"the odds move, and nothing says so but it is the SAME letter","invocations":1,"location":null,"numPassingAsserts":2,"retryReasons":[],"status":"passed","title":"but it is the SAME letter"},{"ancestorTitles":["the odds move, and nothing says so"],"duration":5,"failureDetails":[{"matcherResult":{"actual":"Pay fee and request recurring updates.","expected":"Pay it, and there will be more.","message":"expect(received).toBe(expected) // Object.is equality\n\nExpected: \"Pay it, and there will be more.\"\nReceived: \"Pay fee and request recurring updates.\"","name":"toBe","pass":false}}],"failureMessages":["Error: expect(received).toBe(expected) // Object.is equality\n\nExpected: \"Pay it, and there will be more.\"\nReceived: \"Pay fee and request recurring updates.\"\n    at Object.toBe (/Users/salihkilic/Succesor/src/data/events/mole.test.ts:204:28)\n    at Promise.then.completed (/Users/salihkilic/Succesor/node_modules/jest-circus/build/utils.js:298:28)\n    at new Promise (<anonymous>)\n    at callAsyncCircusFn (/Users/salihkilic/Succesor/node_modules/jest-circus/build/utils.js:231:10)\n    at _callCircusTest (/Users/salihkilic/Succesor/node_modules/jest-circus/build/run.js:316:40)\n    at processTicksAndRejections (node:internal/process/task_queues:95:5)\n    at _runTest (/Users/salihkilic/Succesor/node_modules/jest-circus/build/run.js:252:3)\n    at _runTestsForDescribeBlock (/Users/salihkilic/Succesor/node_modules/jest-circus/build/run.js:126:9)\n    at _runTestsForDescribeBlock (/Users/salihkilic/Succesor/node_modules/jest-circus/build/run.js:121:9)\n    at run (/Users/salihkilic/Succesor/node_modules/jest-circus/build/run.js:71:3)\n    at runAndTransformResultsToJestFormat (/Users/salihkilic/Succesor/node_modules/jest-circus/build/legacy-code-todo-rewrite/jestAdapterInit.js:122:21)\n    at jestAdapter (/Users/salihkilic/Succesor/node_modules/jest-circus/build/legacy-code-todo-rewrite/jestAdapter.js:79:19)\n    at runTestInternal (/Users/salihkilic/Succesor/node_modules/jest-runner/build/runTest.js:367:16)\n    at runTest (/Users/salihkilic/Succesor/node_modules/jest-runner/build/runTest.js:444:34)\n    at Object.worker (/Users/salihkilic/Succesor/node_modules/jest-runner/build/testWorker.js:106:12)"],"fullName":"the odds move, and nothing says so and the choice that raises the odds does not mention them","invocations":1,"location":null,"numPassingAsserts":0,"retryReasons":[],"status":"failed","title":"and the choice that raises the odds does not mention them"},{"ancestorTitles":["the letter is a request, because the first one always is"],"duration":0,"failureDetails":[],"failureMessages":[],"fullName":"the letter is a request, because the first one always is it says a reply is not required","invocations":1,"location":null,"numPassingAsserts":2,"retryReasons":[],"status":"passed","title":"it says a reply is not required"},{"ancestorTitles":["the letter is a request, because the first one always is"],"duration":0,"failureDetails":[],"failureMessages":[],"fullName":"the letter is a request, because the first one always is and the second letter is the first one with that sentence removed","invocations":1,"location":null,"numPassingAsserts":2,"retryReasons":[],"status":"passed","title":"and the second letter is the first one with that sentence removed"},{"ancestorTitles":["the letter is a request, because the first one always is"],"duration":1,"failureDetails":[],"failureMessages":[],"fullName":"the letter is a request, because the first one always is cooperating early is worth something the player cannot yet price","invocations":1,"location":null,"numPassingAsserts":2,"retryReasons":[],"status":"passed","title":"cooperating early is worth something the player cannot yet price"}],"endTime":1786744702376,"message":"  ● the door is hidden behind two other arcs › the stranger does not write to somebody Marco never told\n\n    expect(received).toContain(expected) // indexOf\n\n    Expected substring: \"Marco said\"\n    Received string:    \"I compile market intelligence from filings, manifests, and supplier registers. Legal, thorough research.·\n    That is tier one.\"\n\n      126 |         });\n      127 |         expect(testAll(moleFirstContactEvent.when, viaAnotherArc)).toBe(false);\n    > 128 |         expect(moleFirstContact.nodes[0].text).toContain('Marco said');\n          |                                                ^\n      129 |     });\n      130 | });\n      131 |\n\n      at Object.toContain (src/data/events/mole.test.ts:128:48)\n\n  ● three doors, and only the third is the crime › and the friend can be stopped before he sends it\n\n    expect(received).toContain(expected) // indexOf\n\n    Expected substring: \"i think i wanted someone to tell me not to\"\n    Received string:    \"fair enough. i had his number and wanted to check with you first. forgotten.\"\n\n      142 |     it('and the friend can be stopped before he sends it', () => {\n      143 |         const stop = moleNumber.nodes.find(n => n.id === 'marcoNo')!;\n    > 144 |         expect(stop.text).toContain('i think i wanted someone to tell me not to');\n          |                           ^\n      145 |         const forget = stop.choices!.find(c => c.text === 'Forgotten.')!;\n      146 |         expect((forget.effects ?? []).some(e => e.kind === 'flag')).toBe(false);\n      147 |     });\n\n      at Object.toContain (src/data/events/mole.test.ts:144:27)\n\n  ● the odds move, and nothing says so › buying twice is three times the odds\n\n    expect(received).toBeCloseTo(expected, precision)\n\n    Expected: 0.30000000000000004\n    Received: 0.15\n\n    Expected precision:    5\n    Expected difference: < 0.000005\n    Received difference:   0.15000000000000005\n\n      188 |     it('buying twice is three times the odds', () => {\n      189 |         expect(fbiFirstContactRepeatEvent.chance)\n    > 190 |             .toBeCloseTo(fbiFirstContactEvent.chance * 3, 5);\n          |              ^\n      191 |     });\n      192 |\n      193 |     it('but it is the SAME letter', () => {\n\n      at Object.toBeCloseTo (src/data/events/mole.test.ts:190:14)\n\n  ● the odds move, and nothing says so › and the choice that raises the odds does not mention them\n\n    expect(received).toBe(expected) // Object.is equality\n\n    Expected: \"Pay it, and there will be more.\"\n    Received: \"Pay fee and request recurring updates.\"\n\n      202 |         const worse = send.choices!.find(c =>\n      203 |             (c.effects ?? []).some(e => e.kind === 'flag' && (e as any).flag === 'moleRepeated'))!;\n    > 204 |         expect(worse.text).toBe('Pay it, and there will be more.');\n          |                            ^\n      205 |         // No warning, no risk readout, nothing that reads as a difficulty\n      206 |         // setting. It is a sentence somebody would say.\n      207 |         expect(worse.text.toLowerCase()).not.toContain('risk');\n\n      at Object.toBe (src/data/events/mole.test.ts:204:28)\n","name":"/Users/salihkilic/Succesor/src/data/events/mole.test.ts","startTime":1786744701624,"status":"failed","summary":""},{"assertionResults":[{"ancestorTitles":["the script"],"duration":9,"failureDetails":[{"matcherResult":{"actual":["friend-asks/no: totally understand. forget i asked — we will figure something out.\n\ntalk soon x","event-friend-gossip-small/open: heard a rumour this week — someone at microhard says their consumer line is \"und"],"expected":[],"message":"expect(received).toEqual(expected) // deep equality\n\n- Expected  - 1\n+ Received  + 6\n\n- Array []\n+ Array [\n+   \"friend-asks/no: totally understand. forget i asked — we will figure something out.\n+\n+ talk soon x\",\n+   \"event-friend-gossip-small/open: heard a rumour this week — someone at microhard says their consumer line is \\\"und\",\n+ ]","name":"toEqual","pass":false}}],"failureMessages":["Error: expect(received).toEqual(expected) // deep equality\n\n- Expected  - 1\n+ Received  + 6\n\n- Array []\n+ Array [\n+   \"friend-asks/no: totally understand. forget i asked — we will figure something out.\n+\n+ talk soon x\",\n+   \"event-friend-gossip-small/open: heard a rumour this week — someone at microhard says their consumer line is \\\"und\",\n+ ]\n    at Object.toEqual (/Users/salihkilic/Succesor/src/data/story/noDashes.test.ts:53:27)\n    at Promise.then.completed (/Users/salihkilic/Succesor/node_modules/jest-circus/build/utils.js:298:28)\n    at new Promise (<anonymous>)\n    at callAsyncCircusFn (/Users/salihkilic/Succesor/node_modules/jest-circus/build/utils.js:231:10)\n    at _callCircusTest (/Users/salihkilic/Succesor/node_modules/jest-circus/build/run.js:316:40)\n    at processTicksAndRejections (node:internal/process/task_queues:95:5)\n    at _runTest (/Users/salihkilic/Succesor/node_modules/jest-circus/build/run.js:252:3)\n    at _runTestsForDescribeBlock (/Users/salihkilic/Succesor/node_modules/jest-circus/build/run.js:126:9)\n    at _runTestsForDescribeBlock (/Users/salihkilic/Succesor/node_modules/jest-circus/build/run.js:121:9)\n    at run (/Users/salihkilic/Succesor/node_modules/jest-circus/build/run.js:71:3)\n    at runAndTransformResultsToJestFormat (/Users/salihkilic/Succesor/node_modules/jest-circus/build/legacy-code-todo-rewrite/jestAdapterInit.js:122:21)\n    at jestAdapter (/Users/salihkilic/Succesor/node_modules/jest-circus/build/legacy-code-todo-rewrite/jestAdapter.js:79:19)\n    at runTestInternal (/Users/salihkilic/Succesor/node_modules/jest-runner/build/runTest.js:367:16)\n    at runTest (/Users/salihkilic/Succesor/node_modules/jest-runner/build/runTest.js:444:34)\n    at Object.worker (/Users/salihkilic/Succesor/node_modules/jest-runner/build/testWorker.js:106:12)"],"fullName":"the script has no dashes in any line, subject or answer","invocations":1,"location":null,"numPassingAsserts":0,"retryReasons":[],"status":"failed","title":"has no dashes in any line, subject or answer"},{"ancestorTitles":["the script"],"duration":1,"failureDetails":[],"failureMessages":[],"fullName":"the script and there is a lot of script for that to be true of","invocations":1,"location":null,"numPassingAsserts":1,"retryReasons":[],"status":"passed","title":"and there is a lot of script for that to be true of"},{"ancestorTitles":["the script"],"duration":1,"failureDetails":[],"failureMessages":[],"fullName":"the script while hyphenated words are left alone, because they are spelling","invocations":1,"location":null,"numPassingAsserts":4,"retryReasons":[],"status":"passed","title":"while hyphenated words are left alone, because they are spelling"},{"ancestorTitles":["and the rest of what is read"],"duration":1,"failureDetails":[],"failureMessages":[],"fullName":"and the rest of what is read the tutorial says nothing with a dash in it","invocations":1,"location":null,"numPassingAsserts":1,"retryReasons":[],"status":"passed","title":"the tutorial says nothing with a dash in it"},{"ancestorTitles":["and the rest of what is read"],"duration":1,"failureDetails":[],"failureMessages":[],"fullName":"and the rest of what is read nor does anybody in the cast","invocations":1,"location":null,"numPassingAsserts":1,"retryReasons":[],"status":"passed","title":"nor does anybody in the cast"},{"ancestorTitles":["and the rest of what is read"],"duration":0,"failureDetails":[],"failureMessages":[],"fullName":"and the rest of what is read nor any ending, which is the last thing anybody reads","invocations":1,"location":null,"numPassingAsserts":2,"retryReasons":[],"status":"passed","title":"nor any ending, which is the last thing anybody reads"}],"endTime":1786744702398,"message":"  ● the script › has no dashes in any line, subject or answer\n\n    expect(received).toEqual(expected) // deep equality\n\n    - Expected  - 1\n    + Received  + 6\n\n    - Array []\n    + Array [\n    +   \"friend-asks/no: totally understand. forget i asked — we will figure something out.\n    +\n    + talk soon x\",\n    +   \"event-friend-gossip-small/open: heard a rumour this week — someone at microhard says their consumer line is \\\"und\",\n    + ]\n\n      51 |             .filter(l => PUNCTUATION_DASH.test(l.text))\n      52 |             .map(l => `${l.where}: ${l.text.slice(0, 80)}`);\n    > 53 |         expect(offenders).toEqual([]);\n         |                           ^\n      54 |     });\n      55 |\n      56 |     it('and there is a lot of script for that to be true of', () => {\n\n      at Object.toEqual (src/data/story/noDashes.test.ts:53:27)\n","name":"/Users/salihkilic/Succesor/src/data/story/noDashes.test.ts","startTime":1786744701664,"status":"failed","summary":""},{"assertionResults":[{"ancestorTitles":["all of it is in the game"],"duration":13,"failureDetails":[],"failureMessages":[],"fullName":"all of it is in the game every scene is registered and valid","invocations":1,"location":null,"numPassingAsserts":18,"retryReasons":[],"status":"passed","title":"every scene is registered and valid"},{"ancestorTitles":["all of it is in the game"],"duration":1,"failureDetails":[],"failureMessages":[],"fullName":"all of it is in the game the wave is queued as beats, in the order it should be read","invocations":1,"location":null,"numPassingAsserts":3,"retryReasons":[],"status":"passed","title":"the wave is queued as beats, in the order it should be read"},{"ancestorTitles":["all of it is in the game"],"duration":5,"failureDetails":[],"failureMessages":[],"fullName":"all of it is in the game and none of it is urgent, because the pacing IS the wave","invocations":1,"location":null,"numPassingAsserts":8,"retryReasons":[],"status":"passed","title":"and none of it is urgent, because the pacing IS the wave"},{"ancestorTitles":["the wave is on a quarter, not on Pear being answered"],"duration":1,"failureDetails":[],"failureMessages":[],"fullName":"the wave is on a quarter, not on Pear being answered does not arrive in the quarter of the death itself","invocations":1,"location":null,"numPassingAsserts":8,"retryReasons":[],"status":"passed","title":"does not arrive in the quarter of the death itself"},{"ancestorTitles":["the wave is on a quarter, not on Pear being answered"],"duration":2,"failureDetails":[],"failureMessages":[],"fullName":"the wave is on a quarter, not on Pear being answered and arrives the quarter after Pear writes, answered or not","invocations":1,"location":null,"numPassingAsserts":4,"retryReasons":[],"status":"passed","title":"and arrives the quarter after Pear writes, answered or not"},{"ancestorTitles":["the wave is on a quarter, not on Pear being answered"],"duration":0,"failureDetails":[],"failureMessages":[],"fullName":"the wave is on a quarter, not on Pear being answered and none of the four still names that flag","invocations":1,"location":null,"numPassingAsserts":4,"retryReasons":[],"status":"passed","title":"and none of the four still names that flag"},{"ancestorTitles":["they know HOW you refused"],"duration":2,"failureDetails":[],"failureMessages":[],"fullName":"they know HOW you refused the public follow-ups are dropped on the quiet branch","invocations":1,"location":null,"numPassingAsserts":8,"retryReasons":[],"status":"passed","title":"the public follow-ups are dropped on the quiet branch"},{"ancestorTitles":["they know HOW you refused"],"duration":1,"failureDetails":[],"failureMessages":[],"fullName":"they know HOW you refused and each of the four reacts to it as themselves","invocations":1,"location":null,"numPassingAsserts":4,"retryReasons":[],"status":"passed","title":"and each of the four reacts to it as themselves"},{"ancestorTitles":["who wants what"],"duration":0,"failureDetails":[],"failureMessages":[],"fullName":"who wants what the friend does not mention the company once","invocations":1,"location":null,"numPassingAsserts":3,"retryReasons":[],"status":"passed","title":"the friend does not mention the company once"},{"ancestorTitles":["who wants what"],"duration":0,"failureDetails":[],"failureMessages":[],"fullName":"who wants what the brother needles and then says the quiet part when pressed","invocations":1,"location":null,"numPassingAsserts":2,"retryReasons":[],"status":"passed","title":"the brother needles and then says the quiet part when pressed"},{"ancestorTitles":["who wants what"],"duration":1,"failureDetails":[],"failureMessages":[],"fullName":"who wants what and he is allowed one honest answer","invocations":1,"location":null,"numPassingAsserts":1,"retryReasons":[],"status":"passed","title":"and he is allowed one honest answer"},{"ancestorTitles":["who wants what"],"duration":1,"failureDetails":[],"failureMessages":[],"fullName":"who wants what the board puts condolences and a demand in one document","invocations":1,"location":null,"numPassingAsserts":2,"retryReasons":[],"status":"passed","title":"the board puts condolences and a demand in one document"},{"ancestorTitles":["who wants what"],"duration":0,"failureDetails":[],"failureMessages":[],"fullName":"who wants what and it is the CFO who has to send it, in his other capacity","invocations":1,"location":null,"numPassingAsserts":2,"retryReasons":[],"status":"passed","title":"and it is the CFO who has to send it, in his other capacity"},{"ancestorTitles":["the CFO writes twice, and the gap is the character"],"duration":1,"failureDetails":[],"failureMessages":[],"fullName":"the CFO writes twice, and the gap is the character a letter first, then a text","invocations":1,"location":null,"numPassingAsserts":2,"retryReasons":[],"status":"passed","title":"a letter first, then a text"},{"ancestorTitles":["the CFO writes twice, and the gap is the character"],"duration":0,"failureDetails":[],"failureMessages":[],"fullName":"the CFO writes twice, and the gap is the character and the letter schedules the text on every path","invocations":1,"location":null,"numPassingAsserts":2,"retryReasons":[],"status":"passed","title":"and the letter schedules the text on every path"},{"ancestorTitles":["the CFO writes twice, and the gap is the character"],"duration":1,"failureDetails":[],"failureMessages":[],"fullName":"the CFO writes twice, and the gap is the character what he will not put on the company server is the whole point","invocations":1,"location":null,"numPassingAsserts":2,"retryReasons":[],"status":"passed","title":"what he will not put on the company server is the whole point"},{"ancestorTitles":["the CFO writes twice, and the gap is the character"],"duration":1,"failureDetails":[],"failureMessages":[],"fullName":"the CFO writes twice, and the gap is the character and the first secret is a name and an amount, not an explanation","invocations":1,"location":null,"numPassingAsserts":2,"retryReasons":[],"status":"passed","title":"and the first secret is a name and an amount, not an explanation"},{"ancestorTitles":["two conversations from one person cannot collide"],"duration":4,"failureDetails":[{"matcherResult":{"actual":["a"],"expected":["a","c"],"message":"expect(received).toEqual(expected) // deep equality\n\n- Expected  - 1\n+ Received  + 0\n\n  Array [\n    \"a\",\n-   \"c\",\n  ]","name":"toEqual","pass":false}}],"failureMessages":["Error: expect(received).toEqual(expected) // deep equality\n\n- Expected  - 1\n+ Received  + 0\n\n  Array [\n    \"a\",\n-   \"c\",\n  ]\n    at Object.toEqual (/Users/salihkilic/Succesor/src/data/story/condolences.test.ts:223:54)\n    at Promise.then.completed (/Users/salihkilic/Succesor/node_modules/jest-circus/build/utils.js:298:28)\n    at new Promise (<anonymous>)\n    at callAsyncCircusFn (/Users/salihkilic/Succesor/node_modules/jest-circus/build/utils.js:231:10)\n    at _callCircusTest (/Users/salihkilic/Succesor/node_modules/jest-circus/build/run.js:316:40)\n    at processTicksAndRejections (node:internal/process/task_queues:95:5)\n    at _runTest (/Users/salihkilic/Succesor/node_modules/jest-circus/build/run.js:252:3)\n    at _runTestsForDescribeBlock (/Users/salihkilic/Succesor/node_modules/jest-circus/build/run.js:126:9)\n    at _runTestsForDescribeBlock (/Users/salihkilic/Succesor/node_modules/jest-circus/build/run.js:121:9)\n    at run (/Users/salihkilic/Succesor/node_modules/jest-circus/build/run.js:71:3)\n    at runAndTransformResultsToJestFormat (/Users/salihkilic/Succesor/node_modules/jest-circus/build/legacy-code-todo-rewrite/jestAdapterInit.js:122:21)\n    at jestAdapter (/Users/salihkilic/Succesor/node_modules/jest-circus/build/legacy-code-todo-rewrite/jestAdapter.js:79:19)\n    at runTestInternal (/Users/salihkilic/Succesor/node_modules/jest-runner/build/runTest.js:367:16)\n    at runTest (/Users/salihkilic/Succesor/node_modules/jest-runner/build/runTest.js:444:34)\n    at Object.worker (/Users/salihkilic/Succesor/node_modules/jest-runner/build/testWorker.js:106:12)"],"fullName":"two conversations from one person cannot collide the second is held back a quarter","invocations":1,"location":null,"numPassingAsserts":0,"retryReasons":[],"status":"failed","title":"the second is held back a quarter"},{"ancestorTitles":["two conversations from one person cannot collide"],"duration":1,"failureDetails":[],"failureMessages":[],"fullName":"two conversations from one person cannot collide and arrives the next one","invocations":1,"location":null,"numPassingAsserts":1,"retryReasons":[],"status":"passed","title":"and arrives the next one"},{"ancestorTitles":["two conversations from one person cannot collide"],"duration":0,"failureDetails":[],"failureMessages":[],"fullName":"two conversations from one person cannot collide without the sender the rule simply does not apply","invocations":1,"location":null,"numPassingAsserts":1,"retryReasons":[],"status":"passed","title":"without the sender the rule simply does not apply"}],"endTime":1786744702405,"message":"  ● two conversations from one person cannot collide › the second is held back a quarter\n\n    expect(received).toEqual(expected) // deep equality\n\n    - Expected  - 1\n    + Received  + 0\n\n      Array [\n        \"a\",\n    -   \"c\",\n      ]\n\n      221 |     it('the second is held back a quarter', () => {\n      222 |         const r = drain([P('a', 0), P('b', 1), P('c', 2)], 1, () => true, undefined, senderOf);\n    > 223 |         expect(r.deliver.map(d => d.conversationId)).toEqual(['a', 'c']);\n          |                                                      ^\n      224 |         expect(r.keep.map(d => d.conversationId)).toEqual(['b']);\n      225 |     });\n      226 |\n\n      at Object.toEqual (src/data/story/condolences.test.ts:223:54)\n","name":"/Users/salihkilic/Succesor/src/data/story/condolences.test.ts","startTime":1786744701628,"status":"failed","summary":""},{"assertionResults":[{"ancestorTitles":["all of it is in the game"],"duration":10,"failureDetails":[],"failureMessages":[],"fullName":"all of it is in the game every scene is registered and valid","invocations":1,"location":null,"numPassingAsserts":10,"retryReasons":[],"status":"passed","title":"every scene is registered and valid"},{"ancestorTitles":["all of it is in the game"],"duration":1,"failureDetails":[],"failureMessages":[],"fullName":"all of it is in the game the arc beats fire on their own conditions","invocations":1,"location":null,"numPassingAsserts":3,"retryReasons":[],"status":"passed","title":"the arc beats fire on their own conditions"},{"ancestorTitles":["all of it is in the game"],"duration":0,"failureDetails":[],"failureMessages":[],"fullName":"all of it is in the game and the truth is scheduled by the scene before it, not by a clock","invocations":1,"location":null,"numPassingAsserts":1,"retryReasons":[],"status":"passed","title":"and the truth is scheduled by the scene before it, not by a clock"},{"ancestorTitles":["listening opens it"],"duration":4,"failureDetails":[{"matcherResult":{"actual":false,"expected":true,"message":"expect(received).toBe(expected) // Object.is equality\n\nExpected: true\nReceived: false","name":"toBe","pass":false}}],"failureMessages":["Error: expect(received).toBe(expected) // Object.is equality\n\nExpected: true\nReceived: false\n    at Object.toBe (/Users/salihkilic/Succesor/src/data/story/cfoArc.test.ts:120:47)\n    at Promise.then.completed (/Users/salihkilic/Succesor/node_modules/jest-circus/build/utils.js:298:28)\n    at new Promise (<anonymous>)\n    at callAsyncCircusFn (/Users/salihkilic/Succesor/node_modules/jest-circus/build/utils.js:231:10)\n    at _callCircusTest (/Users/salihkilic/Succesor/node_modules/jest-circus/build/run.js:316:40)\n    at processTicksAndRejections (node:internal/process/task_queues:95:5)\n    at _runTest (/Users/salihkilic/Succesor/node_modules/jest-circus/build/run.js:252:3)\n    at _runTestsForDescribeBlock (/Users/salihkilic/Succesor/node_modules/jest-circus/build/run.js:126:9)\n    at _runTestsForDescribeBlock (/Users/salihkilic/Succesor/node_modules/jest-circus/build/run.js:121:9)\n    at run (/Users/salihkilic/Succesor/node_modules/jest-circus/build/run.js:71:3)\n    at runAndTransformResultsToJestFormat (/Users/salihkilic/Succesor/node_modules/jest-circus/build/legacy-code-todo-rewrite/jestAdapterInit.js:122:21)\n    at jestAdapter (/Users/salihkilic/Succesor/node_modules/jest-circus/build/legacy-code-todo-rewrite/jestAdapter.js:79:19)\n    at runTestInternal (/Users/salihkilic/Succesor/node_modules/jest-runner/build/runTest.js:367:16)\n    at runTest (/Users/salihkilic/Succesor/node_modules/jest-runner/build/runTest.js:444:34)\n    at Object.worker (/Users/salihkilic/Succesor/node_modules/jest-runner/build/testWorker.js:106:12)"],"fullName":"listening opens it a player who takes his trades reaches the secret","invocations":1,"location":null,"numPassingAsserts":0,"retryReasons":[],"status":"failed","title":"a player who takes his trades reaches the secret"},{"ancestorTitles":["listening opens it"],"duration":1,"failureDetails":[],"failureMessages":[],"fullName":"listening opens it and the secret is the reward - it is not reachable any other way","invocations":1,"location":null,"numPassingAsserts":2,"retryReasons":[],"status":"passed","title":"and the secret is the reward - it is not reachable any other way"},{"ancestorTitles":["refusing closes it"],"duration":1,"failureDetails":[],"failureMessages":[],"fullName":"refusing closes it a player who brushes him off never gets past the first trade","invocations":1,"location":null,"numPassingAsserts":4,"retryReasons":[],"status":"passed","title":"a player who brushes him off never gets past the first trade"},{"ancestorTitles":["refusing closes it"],"duration":1,"failureDetails":[],"failureMessages":[],"fullName":"refusing closes it and repeated dismissals reach the resignation","invocations":1,"location":null,"numPassingAsserts":3,"retryReasons":[],"status":"passed","title":"and repeated dismissals reach the resignation"},{"ancestorTitles":["refusing closes it"],"duration":2,"failureDetails":[],"failureMessages":[],"fullName":"refusing closes it the resignation cannot be argued out of","invocations":1,"location":null,"numPassingAsserts":6,"retryReasons":[],"status":"passed","title":"the resignation cannot be argued out of"},{"ancestorTitles":["refusing closes it"],"duration":1,"failureDetails":[],"failureMessages":[],"fullName":"refusing closes it and it names the cost without naming what was in it","invocations":1,"location":null,"numPassingAsserts":2,"retryReasons":[],"status":"passed","title":"and it names the cost without naming what was in it"},{"ancestorTitles":["the cash warning is right, which is what makes ignoring it a decision"],"duration":1,"failureDetails":[],"failureMessages":[],"fullName":"the cash warning is right, which is what makes ignoring it a decision fires on a real number rather than on a mood","invocations":1,"location":null,"numPassingAsserts":2,"retryReasons":[],"status":"passed","title":"fires on a real number rather than on a mood"},{"ancestorTitles":["the cash warning is right, which is what makes ignoring it a decision"],"duration":1,"failureDetails":[],"failureMessages":[],"fullName":"the cash warning is right, which is what makes ignoring it a decision is in the pool and outranks a bad batch","invocations":1,"location":null,"numPassingAsserts":2,"retryReasons":[],"status":"passed","title":"is in the pool and outranks a bad batch"},{"ancestorTitles":["the cash warning is right, which is what makes ignoring it a decision"],"duration":3,"failureDetails":[],"failureMessages":[],"fullName":"the cash warning is right, which is what makes ignoring it a decision and it wins the quarter when the company is running out","invocations":1,"location":null,"numPassingAsserts":1,"retryReasons":[],"status":"passed","title":"and it wins the quarter when the company is running out"},{"ancestorTitles":["the cash warning is right, which is what makes ignoring it a decision"],"duration":0,"failureDetails":[],"failureMessages":[],"fullName":"the cash warning is right, which is what makes ignoring it a decision stops once he has gone","invocations":1,"location":null,"numPassingAsserts":1,"retryReasons":[],"status":"passed","title":"stops once he has gone"},{"ancestorTitles":["what the father was hiding"],"duration":1,"failureDetails":[],"failureMessages":[],"fullName":"what the father was hiding is not a mistress","invocations":1,"location":null,"numPassingAsserts":2,"retryReasons":[],"status":"passed","title":"is not a mistress"},{"ancestorTitles":["what the father was hiding"],"duration":0,"failureDetails":[],"failureMessages":[],"fullName":"what the father was hiding and it was defensible when he did it and theft five years later","invocations":1,"location":null,"numPassingAsserts":2,"retryReasons":[],"status":"passed","title":"and it was defensible when he did it and theft five years later"},{"ancestorTitles":["what the father was hiding"],"duration":1,"failureDetails":[],"failureMessages":[],"fullName":"what the father was hiding it explains \"trust nobody\" as a confession","invocations":1,"location":null,"numPassingAsserts":1,"retryReasons":[],"status":"passed","title":"it explains \"trust nobody\" as a confession"},{"ancestorTitles":["what the father was hiding"],"duration":0,"failureDetails":[],"failureMessages":[],"fullName":"what the father was hiding and the decent option is the expensive one, with no verdict attached","invocations":1,"location":null,"numPassingAsserts":2,"retryReasons":[],"status":"passed","title":"and the decent option is the expensive one, with no verdict attached"}],"endTime":1786744702421,"message":"  ● listening opens it › a player who takes his trades reaches the secret\n\n    expect(received).toBe(expected) // Object.is equality\n\n    Expected: true\n    Received: false\n\n      118 |     it('a player who takes his trades reaches the secret', () => {\n      119 |         const { w, sink } = playable();\n    > 120 |         expect(testAll(cfoBoardRoom.when, w)).toBe(true);\n          |                                               ^\n      121 |\n      122 |         walk(cfoBoardRoom, ['Why did he not stop it?', 'Then tell me what mood they arrive in.',\n      123 |             'Noted.', 'I am saying yes to it.'], sink);\n\n      at Object.toBe (src/data/story/cfoArc.test.ts:120:47)\n","name":"/Users/salihkilic/Succesor/src/data/story/cfoArc.test.ts","startTime":1786744701635,"status":"failed","summary":""},{"assertionResults":[{"ancestorTitles":["it is in the game"],"duration":5,"failureDetails":[],"failureMessages":[],"fullName":"it is in the game registered, valid and in the pool","invocations":1,"location":null,"numPassingAsserts":3,"retryReasons":[],"status":"passed","title":"registered, valid and in the pool"},{"ancestorTitles":["it is in the game"],"duration":0,"failureDetails":[],"failureMessages":[],"fullName":"it is in the game and it is a message, because he has had your number since before any of this","invocations":1,"location":null,"numPassingAsserts":2,"retryReasons":[],"status":"passed","title":"and it is a message, because he has had your number since before any of this"},{"ancestorTitles":["the gate is as narrow as the scene claims"],"duration":4,"failureDetails":[{"matcherResult":{"actual":false,"expected":true,"message":"expect(received).toBe(expected) // Object.is equality\n\nExpected: true\nReceived: false","name":"toBe","pass":false}}],"failureMessages":["Error: expect(received).toBe(expected) // Object.is equality\n\nExpected: true\nReceived: false\n    at Object.toBe (/Users/salihkilic/Succesor/src/data/story/friendBoard.test.ts:57:62)\n    at Promise.then.completed (/Users/salihkilic/Succesor/node_modules/jest-circus/build/utils.js:298:28)\n    at new Promise (<anonymous>)\n    at callAsyncCircusFn (/Users/salihkilic/Succesor/node_modules/jest-circus/build/utils.js:231:10)\n    at _callCircusTest (/Users/salihkilic/Succesor/node_modules/jest-circus/build/run.js:316:40)\n    at processTicksAndRejections (node:internal/process/task_queues:95:5)\n    at _runTest (/Users/salihkilic/Succesor/node_modules/jest-circus/build/run.js:252:3)\n    at _runTestsForDescribeBlock (/Users/salihkilic/Succesor/node_modules/jest-circus/build/run.js:126:9)\n    at _runTestsForDescribeBlock (/Users/salihkilic/Succesor/node_modules/jest-circus/build/run.js:121:9)\n    at run (/Users/salihkilic/Succesor/node_modules/jest-circus/build/run.js:71:3)\n    at runAndTransformResultsToJestFormat (/Users/salihkilic/Succesor/node_modules/jest-circus/build/legacy-code-todo-rewrite/jestAdapterInit.js:122:21)\n    at jestAdapter (/Users/salihkilic/Succesor/node_modules/jest-circus/build/legacy-code-todo-rewrite/jestAdapter.js:79:19)\n    at runTestInternal (/Users/salihkilic/Succesor/node_modules/jest-runner/build/runTest.js:367:16)\n    at runTest (/Users/salihkilic/Succesor/node_modules/jest-runner/build/runTest.js:444:34)\n    at Object.worker (/Users/salihkilic/Succesor/node_modules/jest-runner/build/testWorker.js:106:12)"],"fullName":"the gate is as narrow as the scene claims everything has to be true at once","invocations":1,"location":null,"numPassingAsserts":0,"retryReasons":[],"status":"failed","title":"everything has to be true at once"},{"ancestorTitles":["the gate is as narrow as the scene claims"],"duration":3,"failureDetails":[],"failureMessages":[],"fullName":"the gate is as narrow as the scene claims a player who ever turned him down never sees it","invocations":1,"location":null,"numPassingAsserts":1,"retryReasons":[],"status":"passed","title":"a player who ever turned him down never sees it"},{"ancestorTitles":["the gate is as narrow as the scene claims"],"duration":3,"failureDetails":[],"failureMessages":[],"fullName":"the gate is as narrow as the scene claims and it cannot happen twice","invocations":1,"location":null,"numPassingAsserts":1,"retryReasons":[],"status":"passed","title":"and it cannot happen twice"},{"ancestorTitles":["one per cent, and it is a real seat"],"duration":1,"failureDetails":[],"failureMessages":[],"fullName":"one per cent, and it is a real seat inside the same band every other director gets","invocations":1,"location":null,"numPassingAsserts":3,"retryReasons":[],"status":"passed","title":"inside the same band every other director gets"},{"ancestorTitles":["one per cent, and it is a real seat"],"duration":2,"failureDetails":[],"failureMessages":[],"fullName":"one per cent, and it is a real seat every acceptance seats him and records it","invocations":1,"location":null,"numPassingAsserts":7,"retryReasons":[],"status":"passed","title":"every acceptance seats him and records it"},{"ancestorTitles":["one per cent, and it is a real seat"],"duration":2,"failureDetails":[],"failureMessages":[],"fullName":"one per cent, and it is a real seat and he is a person the board system already knows","invocations":1,"location":null,"numPassingAsserts":2,"retryReasons":[],"status":"passed","title":"and he is a person the board system already knows"},{"ancestorTitles":["one per cent, and it is a real seat"],"duration":1,"failureDetails":[{"matcherResult":{"message":"expect(received).toContain(expected) // indexOf\n\nExpected substring: \"difficult about research spending\"\nReceived string:    \"in that case, yes. i will accept and ensure we stay focused on product development.\"","pass":false}}],"failureMessages":["Error: expect(received).toContain(expected) // indexOf\n\nExpected substring: \"difficult about research spending\"\nReceived string:    \"in that case, yes. i will accept and ensure we stay focused on product development.\"\n    at Object.toContain (/Users/salihkilic/Succesor/src/data/story/friendBoard.test.ts:122:14)\n    at Promise.then.completed (/Users/salihkilic/Succesor/node_modules/jest-circus/build/utils.js:298:28)\n    at new Promise (<anonymous>)\n    at callAsyncCircusFn (/Users/salihkilic/Succesor/node_modules/jest-circus/build/utils.js:231:10)\n    at _callCircusTest (/Users/salihkilic/Succesor/node_modules/jest-circus/build/run.js:316:40)\n    at processTicksAndRejections (node:internal/process/task_queues:95:5)\n    at _runTest (/Users/salihkilic/Succesor/node_modules/jest-circus/build/run.js:252:3)\n    at _runTestsForDescribeBlock (/Users/salihkilic/Succesor/node_modules/jest-circus/build/run.js:126:9)\n    at _runTestsForDescribeBlock (/Users/salihkilic/Succesor/node_modules/jest-circus/build/run.js:121:9)\n    at run (/Users/salihkilic/Succesor/node_modules/jest-circus/build/run.js:71:3)\n    at runAndTransformResultsToJestFormat (/Users/salihkilic/Succesor/node_modules/jest-circus/build/legacy-code-todo-rewrite/jestAdapterInit.js:122:21)\n    at jestAdapter (/Users/salihkilic/Succesor/node_modules/jest-circus/build/legacy-code-todo-rewrite/jestAdapter.js:79:19)\n    at runTestInternal (/Users/salihkilic/Succesor/node_modules/jest-runner/build/runTest.js:367:16)\n    at runTest (/Users/salihkilic/Succesor/node_modules/jest-runner/build/runTest.js:444:34)\n    at Object.worker (/Users/salihkilic/Succesor/node_modules/jest-runner/build/testWorker.js:106:12)"],"fullName":"one per cent, and it is a real seat and taking him on is not free - he has a pet issue and a vote","invocations":1,"location":null,"numPassingAsserts":1,"retryReasons":[],"status":"failed","title":"and taking him on is not free - he has a pet issue and a vote"},{"ancestorTitles":["and refusing costs nothing"],"duration":0,"failureDetails":[],"failureMessages":[],"fullName":"and refusing costs nothing the way out has no effects on it at all","invocations":1,"location":null,"numPassingAsserts":1,"retryReasons":[],"status":"passed","title":"the way out has no effects on it at all"},{"ancestorTitles":["and refusing costs nothing"],"duration":1,"failureDetails":[],"failureMessages":[],"fullName":"and refusing costs nothing and there is a way back from it, so it is not reached by drifting","invocations":1,"location":null,"numPassingAsserts":1,"retryReasons":[],"status":"passed","title":"and there is a way back from it, so it is not reached by drifting"},{"ancestorTitles":["and refusing costs nothing"],"duration":1,"failureDetails":[],"failureMessages":[],"fullName":"and refusing costs nothing and no dial anywhere in the scene goes down","invocations":1,"location":null,"numPassingAsserts":1,"retryReasons":[],"status":"passed","title":"and no dial anywhere in the scene goes down"},{"ancestorTitles":["and refusing costs nothing"],"duration":5,"failureDetails":[],"failureMessages":[],"fullName":"and refusing costs nothing and thinking about it properly still gets him the seat","invocations":1,"location":null,"numPassingAsserts":3,"retryReasons":[],"status":"passed","title":"and thinking about it properly still gets him the seat"}],"endTime":1786744702452,"message":"  ● the gate is as narrow as the scene claims › everything has to be true at once\n\n    expect(received).toBe(expected) // Object.is equality\n\n    Expected: true\n    Received: false\n\n      55 | describe('the gate is as narrow as the scene claims', () => {\n      56 |     it('everything has to be true at once', () => {\n    > 57 |         expect(testAll(friendBoardSeatEvent.when, earned())).toBe(true);\n         |                                                              ^\n      58 |\n      59 |         // Take away any one of them and it closes.\n      60 |         expect(testAll(friendBoardSeatEvent.when, earned({ quarter: 20 }))).toBe(false);\n\n      at Object.toBe (src/data/story/friendBoard.test.ts:57:62)\n\n  ● one per cent, and it is a real seat › and taking him on is not free - he has a pet issue and a vote\n\n    expect(received).toContain(expected) // indexOf\n\n    Expected substring: \"difficult about research spending\"\n    Received string:    \"in that case, yes. i will accept and ensure we stay focused on product development.\"\n\n      120 |         expect(FOUNDER_BY_COMPANY.tech_planora.petIssue).toBe('rnd');\n      121 |         expect(friendBoardSeat.nodes.find(n => n.id === 'accept')!.text)\n    > 122 |             .toContain('difficult about research spending');\n          |              ^\n      123 |     });\n      124 | });\n      125 |\n\n      at Object.toContain (src/data/story/friendBoard.test.ts:122:14)\n","name":"/Users/salihkilic/Succesor/src/data/story/friendBoard.test.ts","startTime":1786744701657,"status":"failed","summary":""},{"assertionResults":[{"ancestorTitles":["all of it is in the game"],"duration":9,"failureDetails":[],"failureMessages":[],"fullName":"all of it is in the game registered, valid, in the pool","invocations":1,"location":null,"numPassingAsserts":12,"retryReasons":[],"status":"passed","title":"registered, valid, in the pool"},{"ancestorTitles":["the letters stay letters"],"duration":2,"failureDetails":[],"failureMessages":[],"fullName":"the letters stay letters all three are mail, and he still does not use anything else","invocations":1,"location":null,"numPassingAsserts":4,"retryReasons":[],"status":"passed","title":"all three are mail, and he still does not use anything else"},{"ancestorTitles":["the letters stay letters"],"duration":0,"failureDetails":[],"failureMessages":[],"fullName":"the letters stay letters and he never signs one himself","invocations":1,"location":null,"numPassingAsserts":1,"retryReasons":[],"status":"passed","title":"and he never signs one himself"},{"ancestorTitles":["the letters stay letters"],"duration":5,"failureDetails":[{"matcherResult":{"actual":false,"expected":true,"message":"expect(received).toBe(expected) // Object.is equality\n\nExpected: true\nReceived: false","name":"toBe","pass":false}}],"failureMessages":["Error: expect(received).toBe(expected) // Object.is equality\n\nExpected: true\nReceived: false\n    at Object.toBe (/Users/salihkilic/Succesor/src/data/events/pearEscalation.test.ts:104:56)\n    at Promise.then.completed (/Users/salihkilic/Succesor/node_modules/jest-circus/build/utils.js:298:28)\n    at new Promise (<anonymous>)\n    at callAsyncCircusFn (/Users/salihkilic/Succesor/node_modules/jest-circus/build/utils.js:231:10)\n    at _callCircusTest (/Users/salihkilic/Succesor/node_modules/jest-circus/build/run.js:316:40)\n    at processTicksAndRejections (node:internal/process/task_queues:95:5)\n    at _runTest (/Users/salihkilic/Succesor/node_modules/jest-circus/build/run.js:252:3)\n    at _runTestsForDescribeBlock (/Users/salihkilic/Succesor/node_modules/jest-circus/build/run.js:126:9)\n    at _runTestsForDescribeBlock (/Users/salihkilic/Succesor/node_modules/jest-circus/build/run.js:121:9)\n    at run (/Users/salihkilic/Succesor/node_modules/jest-circus/build/run.js:71:3)\n    at runAndTransformResultsToJestFormat (/Users/salihkilic/Succesor/node_modules/jest-circus/build/legacy-code-todo-rewrite/jestAdapterInit.js:122:21)\n    at jestAdapter (/Users/salihkilic/Succesor/node_modules/jest-circus/build/legacy-code-todo-rewrite/jestAdapter.js:79:19)\n    at runTestInternal (/Users/salihkilic/Succesor/node_modules/jest-runner/build/runTest.js:367:16)\n    at runTest (/Users/salihkilic/Succesor/node_modules/jest-runner/build/runTest.js:444:34)\n    at Object.worker (/Users/salihkilic/Succesor/node_modules/jest-runner/build/testWorker.js:106:12)"],"fullName":"the letters stay letters they escalate with hostility rather than all arriving at once","invocations":1,"location":null,"numPassingAsserts":4,"retryReasons":[],"status":"failed","title":"they escalate with hostility rather than all arriving at once"},{"ancestorTitles":["the letters stay letters"],"duration":1,"failureDetails":[],"failureMessages":[],"fullName":"the letters stay letters and none of them arrive for somebody who never refused him","invocations":1,"location":null,"numPassingAsserts":3,"retryReasons":[],"status":"passed","title":"and none of them arrive for somebody who never refused him"},{"ancestorTitles":["the letters stay letters"],"duration":1,"failureDetails":[],"failureMessages":[],"fullName":"the letters stay letters the supplier letter is a copy of one sent to somebody else","invocations":1,"location":null,"numPassingAsserts":2,"retryReasons":[],"status":"passed","title":"the supplier letter is a copy of one sent to somebody else"},{"ancestorTitles":["the letters stay letters"],"duration":1,"failureDetails":[{"matcherResult":{"message":"expect(received).toContain(expected) // indexOf\n\nExpected substring: \"not directed at any particular\"\nReceived string:    \"As a courtesy: Pear will reduce consumer pricing by 18% to 24% across competing categories next month.\"","pass":false}}],"failureMessages":["Error: expect(received).toContain(expected) // indexOf\n\nExpected substring: \"not directed at any particular\"\nReceived string:    \"As a courtesy: Pear will reduce consumer pricing by 18% to 24% across competing categories next month.\"\n    at Object.toContain (/Users/salihkilic/Succesor/src/data/events/pearEscalation.test.ts:122:44)\n    at Promise.then.completed (/Users/salihkilic/Succesor/node_modules/jest-circus/build/utils.js:298:28)\n    at new Promise (<anonymous>)\n    at callAsyncCircusFn (/Users/salihkilic/Succesor/node_modules/jest-circus/build/utils.js:231:10)\n    at _callCircusTest (/Users/salihkilic/Succesor/node_modules/jest-circus/build/run.js:316:40)\n    at processTicksAndRejections (node:internal/process/task_queues:95:5)\n    at _runTest (/Users/salihkilic/Succesor/node_modules/jest-circus/build/run.js:252:3)\n    at _runTestsForDescribeBlock (/Users/salihkilic/Succesor/node_modules/jest-circus/build/run.js:126:9)\n    at _runTestsForDescribeBlock (/Users/salihkilic/Succesor/node_modules/jest-circus/build/run.js:121:9)\n    at run (/Users/salihkilic/Succesor/node_modules/jest-circus/build/run.js:71:3)\n    at runAndTransformResultsToJestFormat (/Users/salihkilic/Succesor/node_modules/jest-circus/build/legacy-code-todo-rewrite/jestAdapterInit.js:122:21)\n    at jestAdapter (/Users/salihkilic/Succesor/node_modules/jest-circus/build/legacy-code-todo-rewrite/jestAdapter.js:79:19)\n    at runTestInternal (/Users/salihkilic/Succesor/node_modules/jest-runner/build/runTest.js:367:16)\n    at runTest (/Users/salihkilic/Succesor/node_modules/jest-runner/build/runTest.js:444:34)\n    at Object.worker (/Users/salihkilic/Succesor/node_modules/jest-runner/build/testWorker.js:106:12)"],"fullName":"the letters stay letters and the price cut is a category decision that is not about you","invocations":1,"location":null,"numPassingAsserts":0,"retryReasons":[],"status":"failed","title":"and the price cut is a category decision that is not about you"},{"ancestorTitles":["and then he texts, exactly once"],"duration":2,"failureDetails":[],"failureMessages":[],"fullName":"and then he texts, exactly once it is the only conversation in the game that breaks a channel rule","invocations":1,"location":null,"numPassingAsserts":1,"retryReasons":[],"status":"passed","title":"it is the only conversation in the game that breaks a channel rule"},{"ancestorTitles":["and then he texts, exactly once"],"duration":2,"failureDetails":[],"failureMessages":[],"fullName":"and then he texts, exactly once and the break is declared, so the audit permits it deliberately","invocations":1,"location":null,"numPassingAsserts":3,"retryReasons":[],"status":"passed","title":"and the break is declared, so the audit permits it
[...]
validate catches a link to a card that does not exist","invocations":1,"location":null,"numPassingAsserts":1,"retryReasons":[],"status":"passed","title":"catches a link to a card that does not exist"},{"ancestorTitles":["validate"],"duration":0,"failureDetails":[],"failureMessages":[],"fullName":"validate catches a card nothing leads to","invocations":1,"location":null,"numPassingAsserts":1,"retryReasons":[],"status":"passed","title":"catches a card nothing leads to"},{"ancestorTitles":["validate"],"duration":0,"failureDetails":[],"failureMessages":[],"fullName":"validate catches a card where every answer is gated","invocations":1,"location":null,"numPassingAsserts":1,"retryReasons":[],"status":"passed","title":"catches a card where every answer is gated"},{"ancestorTitles":["validate"],"duration":0,"failureDetails":[],"failureMessages":[],"fullName":"validate allows a gated answer as long as one is unconditional","invocations":1,"location":null,"numPassingAsserts":1,"retryReasons":[],"status":"passed","title":"allows a gated answer as long as one is unconditional"},{"ancestorTitles":["validate"],"duration":0,"failureDetails":[],"failureMessages":[],"fullName":"validate does NOT treat a card with no answers as a trap","invocations":1,"location":null,"numPassingAsserts":1,"retryReasons":[],"status":"passed","title":"does NOT treat a card with no answers as a trap"},{"ancestorTitles":["validate"],"duration":0,"failureDetails":[],"failureMessages":[],"fullName":"validate holds the two-answer limit","invocations":1,"location":null,"numPassingAsserts":1,"retryReasons":[],"status":"passed","title":"holds the two-answer limit"},{"ancestorTitles":["validate"],"duration":0,"failureDetails":[],"failureMessages":[],"fullName":"validate catches a start that is not a card, and stops rather than piling on","invocations":1,"location":null,"numPassingAsserts":1,"retryReasons":[],"status":"passed","title":"catches a start that is not a card, and stops rather than piling on"},{"ancestorTitles":["validate"],"duration":0,"failureDetails":[],"failureMessages":[],"fullName":"validate catches two cards sharing an id, because a link would be ambiguous","invocations":1,"location":null,"numPassingAsserts":1,"retryReasons":[],"status":"passed","title":"catches two cards sharing an id, because a link would be ambiguous"},{"ancestorTitles":["validate"],"duration":0,"failureDetails":[],"failureMessages":[],"fullName":"validate follows links through several cards rather than one hop","invocations":1,"location":null,"numPassingAsserts":1,"retryReasons":[],"status":"passed","title":"follows links through several cards rather than one hop"},{"ancestorTitles":["validate"],"duration":0,"failureDetails":[],"failureMessages":[],"fullName":"validate does not loop forever on a conversation that points back at itself","invocations":1,"location":null,"numPassingAsserts":1,"retryReasons":[],"status":"passed","title":"does not loop forever on a conversation that points back at itself"},{"ancestorTitles":["validateAll"],"duration":0,"failureDetails":[],"failureMessages":[],"fullName":"validateAll catches two conversations sharing an id","invocations":1,"location":null,"numPassingAsserts":1,"retryReasons":[],"status":"passed","title":"catches two conversations sharing an id"},{"ancestorTitles":["the cast, and who may write how"],"duration":1,"failureDetails":[],"failureMessages":[],"fullName":"the cast, and who may write how Pear writes letters and cannot be made to text","invocations":1,"location":null,"numPassingAsserts":2,"retryReasons":[],"status":"passed","title":"Pear writes letters and cannot be made to text"},{"ancestorTitles":["the cast, and who may write how"],"duration":0,"failureDetails":[],"failureMessages":[],"fullName":"the cast, and who may write how the brother and the friend only text","invocations":1,"location":null,"numPassingAsserts":4,"retryReasons":[],"status":"passed","title":"the brother and the friend only text"},{"ancestorTitles":["the cast, and who may write how"],"duration":0,"failureDetails":[],"failureMessages":[],"fullName":"the cast, and who may write how the people inside the company use both","invocations":1,"location":null,"numPassingAsserts":6,"retryReasons":[],"status":"passed","title":"the people inside the company use both"},{"ancestorTitles":["the cast, and who may write how"],"duration":1,"failureDetails":[],"failureMessages":[],"fullName":"the cast, and who may write how everyone who can send mail has an address, and nobody else does","invocations":1,"location":null,"numPassingAsserts":15,"retryReasons":[],"status":"passed","title":"everyone who can send mail has an address, and nobody else does"},{"ancestorTitles":["the cast, and who may write how"],"duration":2,"failureDetails":[],"failureMessages":[],"fullName":"the cast, and who may write how every cast member has a stated voice","invocations":1,"location":null,"numPassingAsserts":15,"retryReasons":[],"status":"passed","title":"every cast member has a stated voice"},{"ancestorTitles":["the cast, and who may write how"],"duration":1,"failureDetails":[],"failureMessages":[],"fullName":"the cast, and who may write how an id always matches its key, so a lookup cannot return someone else","invocations":1,"location":null,"numPassingAsserts":15,"retryReasons":[],"status":"passed","title":"an id always matches its key, so a lookup cannot return someone else"},{"ancestorTitles":["the cast, and who may write how"],"duration":0,"failureDetails":[],"failureMessages":[],"fullName":"the cast, and who may write how rejects a conversation on a channel its sender does not use","invocations":1,"location":null,"numPassingAsserts":1,"retryReasons":[],"status":"passed","title":"rejects a conversation on a channel its sender does not use"},{"ancestorTitles":["the cast, and who may write how"],"duration":0,"failureDetails":[],"failureMessages":[],"fullName":"the cast, and who may write how rejects a speaker who is not in the cast","invocations":1,"location":null,"numPassingAsserts":1,"retryReasons":[],"status":"passed","title":"rejects a speaker who is not in the cast"},{"ancestorTitles":["the cast, and who may write how"],"duration":0,"failureDetails":[],"failureMessages":[],"fullName":"the cast, and who may write how rejects an EFFECT that puts someone on the wrong channel","invocations":1,"location":null,"numPassingAsserts":1,"retryReasons":[],"status":"passed","title":"rejects an EFFECT that puts someone on the wrong channel"},{"ancestorTitles":["the cast, and who may write how"],"duration":0,"failureDetails":[],"failureMessages":[],"fullName":"the cast, and who may write how says nothing about channels when no cast is supplied","invocations":1,"location":null,"numPassingAsserts":1,"retryReasons":[],"status":"passed","title":"says nothing about channels when no cast is supplied"},{"ancestorTitles":["the story as it actually ships"],"duration":1,"failureDetails":[],"failureMessages":[],"fullName":"the story as it actually ships every registered conversation is valid, cast rules included","invocations":1,"location":null,"numPassingAsserts":1,"retryReasons":[],"status":"passed","title":"every registered conversation is valid, cast rules included"},{"ancestorTitles":["the story as it actually ships"],"duration":1,"failureDetails":[],"failureMessages":[],"fullName":"the story as it actually ships the CFO scene reaches both of its endings","invocations":1,"location":null,"numPassingAsserts":3,"retryReasons":[],"status":"passed","title":"the CFO scene reaches both of its endings"}],"endTime":1786744703245,"message":"","name":"/Users/salihkilic/Succesor/src/core/story/graph.test.ts","startTime":1786744703159,"status":"passed","summary":""},{"assertionResults":[{"ancestorTitles":["the letter arrives"],"duration":4,"failureDetails":[],"failureMessages":[],"fullName":"the letter arrives a company with its name on nothing is asked, every third quarter","invocations":1,"location":null,"numPassingAsserts":2,"retryReasons":[],"status":"passed","title":"a company with its name on nothing is asked, every third quarter"},{"ancestorTitles":["the letter arrives"],"duration":1,"failureDetails":[],"failureMessages":[],"fullName":"the letter arrives and is not asked in between","invocations":1,"location":null,"numPassingAsserts":1,"retryReasons":[],"status":"passed","title":"and is not asked in between"},{"ancestorTitles":["the letter arrives"],"duration":1,"failureDetails":[],"failureMessages":[],"fullName":"the letter arrives a company that has already signed something is not asked at all","invocations":1,"location":null,"numPassingAsserts":1,"retryReasons":[],"status":"passed","title":"a company that has already signed something is not asked at all"},{"ancestorTitles":["the letter arrives"],"duration":4,"failureDetails":[],"failureMessages":[],"fullName":"the letter arrives and the same offer is never sent twice","invocations":1,"location":null,"numPassingAsserts":11,"retryReasons":[],"status":"passed","title":"and the same offer is never sent twice"},{"ancestorTitles":["the letter arrives"],"duration":1,"failureDetails":[],"failureMessages":[],"fullName":"the letter arrives and the letter says what it costs, in the letter","invocations":1,"location":null,"numPassingAsserts":3,"retryReasons":[],"status":"passed","title":"and the letter says what it costs, in the letter"},{"ancestorTitles":["the letter arrives"],"duration":0,"failureDetails":[],"failureMessages":[],"fullName":"the letter arrives and after a long drought whoever is asking mentions it, once","invocations":1,"location":null,"numPassingAsserts":1,"retryReasons":[],"status":"passed","title":"and after a long drought whoever is asking mentions it, once"},{"ancestorTitles":["the bill lands and the brand follows"],"duration":234,"failureDetails":[],"failureMessages":[],"fullName":"the bill lands and the brand follows signing charges every quarter and credits every quarter","invocations":1,"location":null,"numPassingAsserts":2,"retryReasons":[],"status":"passed","title":"signing charges every quarter and credits every quarter"},{"ancestorTitles":["the bill lands and the brand follows"],"duration":46,"failureDetails":[],"failureMessages":[],"fullName":"the bill lands and the brand follows and the brand it buys is real too, and scales with the tier","invocations":1,"location":null,"numPassingAsserts":2,"retryReasons":[],"status":"passed","title":"and the brand it buys is real too, and scales with the tier"},{"ancestorTitles":["the bill lands and the brand follows"],"duration":71,"failureDetails":[],"failureMessages":[],"fullName":"the bill lands and the brand follows and it ends when the term does, without billing a quarter after","invocations":1,"location":null,"numPassingAsserts":3,"retryReasons":[],"status":"passed","title":"and it ends when the term does, without billing a quarter after"},{"ancestorTitles":["the bill lands and the brand follows"],"duration":1,"failureDetails":[],"failureMessages":[],"fullName":"the bill lands and the brand follows a live deal means the story sees no drought at all","invocations":1,"location":null,"numPassingAsserts":2,"retryReasons":[],"status":"passed","title":"a live deal means the story sees no drought at all"},{"ancestorTitles":["the bill lands and the brand follows"],"duration":29,"failureDetails":[],"failureMessages":[],"fullName":"the bill lands and the brand follows and the drought penalty reaches the tick, isolated from the credit","invocations":1,"location":null,"numPassingAsserts":1,"retryReasons":[],"status":"passed","title":"and the drought penalty reaches the tick, isolated from the credit"},{"ancestorTitles":["and the casino counter is actually closed by the tick"],"duration":8,"failureDetails":[],"failureMessages":[],"fullName":"and the casino counter is actually closed by the tick a visit in a quarter becomes a streak of one after it turns","invocations":1,"location":null,"numPassingAsserts":2,"retryReasons":[],"status":"passed","title":"a visit in a quarter becomes a streak of one after it turns"},{"ancestorTitles":["and the casino counter is actually closed by the tick"],"duration":35,"failureDetails":[],"failureMessages":[],"fullName":"and the casino counter is actually closed by the tick and three quarters running reach the story","invocations":1,"location":null,"numPassingAsserts":1,"retryReasons":[],"status":"passed","title":"and three quarters running reach the story"},{"ancestorTitles":["and the casino counter is actually closed by the tick"],"duration":34,"failureDetails":[],"failureMessages":[],"fullName":"and the casino counter is actually closed by the tick and a clean quarter clears it, through the real tick","invocations":1,"location":null,"numPassingAsserts":1,"retryReasons":[],"status":"passed","title":"and a clean quarter clears it, through the real tick"},{"ancestorTitles":["a sponsorship letter expires"],"duration":0,"failureDetails":[],"failureMessages":[],"fullName":"a sponsorship letter expires after one quarter, and not before","invocations":1,"location":null,"numPassingAsserts":5,"retryReasons":[],"status":"passed","title":"after one quarter, and not before"},{"ancestorTitles":["a sponsorship letter expires"],"duration":0,"failureDetails":[],"failureMessages":[],"fullName":"a sponsorship letter expires and takes nothing else with it","invocations":1,"location":null,"numPassingAsserts":1,"retryReasons":[],"status":"passed","title":"and takes nothing else with it"},{"ancestorTitles":["a sponsorship letter expires"],"duration":1,"failureDetails":[],"failureMessages":[],"fullName":"a sponsorship letter expires and the sweep runs before a new one is sent","invocations":1,"location":null,"numPassingAsserts":2,"retryReasons":[],"status":"passed","title":"and the sweep runs before a new one is sent"}],"endTime":1786744703119,"message":"","name":"/Users/salihkilic/Succesor/src/core/market/sponsorshipWiring.test.ts","startTime":1786744702411,"status":"passed","summary":""},{"assertionResults":[{"ancestorTitles":["the ceiling penalty is durable, which a drain was not"],"duration":1,"failureDetails":[],"failureMessages":[],"fullName":"the ceiling penalty is durable, which a drain was not lowers the ceiling rather than the value","invocations":1,"location":null,"numPassingAsserts":2,"retryReasons":[],"status":"passed","title":"lowers the ceiling rather than the value"},{"ancestorTitles":["the ceiling penalty is durable, which a drain was not"],"duration":1,"failureDetails":[],"failureMessages":[],"fullName":"the ceiling penalty is durable, which a drain was not and the floor comes down with it, so it cannot be parked under","invocations":1,"location":null,"numPassingAsserts":1,"retryReasons":[],"status":"passed","title":"and the floor comes down with it, so it cannot be parked under"},{"ancestorTitles":["the ceiling penalty is durable, which a drain was not"],"duration":0,"failureDetails":[],"failureMessages":[],"fullName":"the ceiling penalty is durable, which a drain was not no penalty means exactly what it meant before, so nothing else moved","invocations":1,"location":null,"numPassingAsserts":1,"retryReasons":[],"status":"passed","title":"no penalty means exactly what it meant before, so nothing else moved"},{"ancestorTitles":["and it is still there two years later"],"duration":445,"failureDetails":[],"failureMessages":[],"fullName":"and it is still there two years later two identical companies, one convicted, eight quarters apart","invocations":1,"location":null,"numPassingAsserts":2,"retryReasons":[],"status":"passed","title":"two identical companies, one convicted, eight quarters apart"},{"ancestorTitles":["and it is still there two years later"],"duration":182,"failureDetails":[],"failureMessages":[],"fullName":"and it is still there two years later and it is still substantial after three years","invocations":1,"location":null,"numPassingAsserts":2,"retryReasons":[],"status":"passed","title":"and it is still substantial after three years"}],"endTime":1786744703217,"message":"","name":"/Users/salihkilic/Succesor/src/core/market/conviction.test.ts","startTime":1786744702382,"status":"passed","summary":""},{"assertionResults":[{"ancestorTitles":["a scene that is left halfway"],"duration":192,"failureDetails":[],"failureMessages":[],"fullName":"a scene that is left halfway writes its position down as soon as it is opened","invocations":1,"location":null,"numPassingAsserts":1,"retryReasons":[],"status":"passed","title":"writes its position down as soon as it is opened"},{"ancestorTitles":["a scene that is left halfway"],"duration":17,"failureDetails":[],"failureMessages":[],"fullName":"a scene that is left halfway and moves it on with every answer","invocations":1,"location":null,"numPassingAsserts":1,"retryReasons":[],"status":"passed","title":"and moves it on with every answer"},{"ancestorTitles":["a scene that is left halfway"],"duration":38,"failureDetails":[],"failureMessages":[],"fullName":"a scene that is left halfway so a fresh screen opens on the card the player was looking at","invocations":1,"location":null,"numPassingAsserts":2,"retryReasons":[],"status":"passed","title":"so a fresh screen opens on the card the player was looking at"},{"ancestorTitles":["a scene that is left halfway"],"duration":39,"failureDetails":[],"failureMessages":[],"fullName":"a scene that is left halfway with everything that was said still above it","invocations":1,"location":null,"numPassingAsserts":1,"retryReasons":[],"status":"passed","title":"with everything that was said still above it"},{"ancestorTitles":["a scene that is left halfway"],"duration":25,"failureDetails":[],"failureMessages":[],"fullName":"a scene that is left halfway AND THE PLAYER DOES NOT PAY FOR THE SAME ANSWER TWICE","invocations":1,"location":null,"numPassingAsserts":2,"retryReasons":[],"status":"passed","title":"AND THE PLAYER DOES NOT PAY FOR THE SAME ANSWER TWICE"},{"ancestorTitles":["a scene that is played to the end"],"duration":32,"failureDetails":[],"failureMessages":[],"fullName":"a scene that is played to the end hands the whole transcript to the screen","invocations":1,"location":null,"numPassingAsserts":2,"retryReasons":[],"status":"passed","title":"hands the whole transcript to the screen"},{"ancestorTitles":["a scene that is played to the end"],"duration":35,"failureDetails":[],"failureMessages":[],"fullName":"a scene that is played to the end and is recorded as finished rather than left mid-scene","invocations":1,"location":null,"numPassingAsserts":1,"retryReasons":[],"status":"passed","title":"and is recorded as finished rather than left mid-scene"},{"ancestorTitles":["a scene that is played to the end"],"duration":35,"failureDetails":[],"failureMessages":[],"fullName":"a scene that is played to the end SAVES THE LAST ANSWER EVEN THOUGH THE SCREEN LEAVES IMMEDIATELY","invocations":1,"location":null,"numPassingAsserts":3,"retryReasons":[],"status":"passed","title":"SAVES THE LAST ANSWER EVEN THOUGH THE SCREEN LEAVES IMMEDIATELY"},{"ancestorTitles":["a scene that is played to the end"],"duration":53,"failureDetails":[],"failureMessages":[],"fullName":"a scene that is played to the end so re-opening it shows what was said and offers only a way out","invocations":1,"location":null,"numPassingAsserts":3,"retryReasons":[],"status":"passed","title":"so re-opening it shows what was said and offers only a way out"}],"endTime":1786744703570,"message":"","name":"/Users/salihkilic/Succesor/src/components/story/ConversationRunner.test.tsx","startTime":1786744702301,"status":"passed","summary":""},{"assertionResults":[{"ancestorTitles":[],"duration":9,"failureDetails":[],"failureMessages":[],"fullName":"renders correctly","invocations":1,"location":null,"numPassingAsserts":0,"retryReasons":[],"status":"passed","title":"renders correctly"}],"endTime":1786744703696,"message":"","name":"/Users/salihkilic/Succesor/__tests__/App.test.tsx","startTime":1786744702306,"status":"passed","summary":""}],"wasInterrupted":false}
