{"numFailedTestSuites":12,"numFailedTests":61,"numPassedTestSuites":9,"numPassedTests":310,"numPendingTestSuites":0,"numPendingTests":0,"numRuntimeErrorTestSuites":0,"numTodoTests":0,"numTotalTestSuites":21,"numTotalTests":371,"openHandles":[],"snapshot":{"added":0,"didUpdate":false,"failure":false,"filesAdded":0,"filesRemoved":0,"filesRemovedList":[],"filesUnmatched":0,"filesUpdated":0,"matched":0,"total":0,"unchecked":0,"uncheckedKeysByFile":[],"unmatched":0,"updated":0},"startTime":1786744526342,"success":false,"testResults":[{"assertionResults":[{"ancestorTitles":["twelve of them, and all of them in the game"],"duration":5,"failureDetails":[],"failureMessages":[],"fullName":"twelve of them, and all of them in the game twelve, not eleven and not thirteen","invocations":1,"location":null,"numPassingAsserts":2,"retryReasons":[],"status":"passed","title":"twelve, not eleven and not thirteen"},{"ancestorTitles":["twelve of them, and all of them in the game"],"duration":30,"failureDetails":[],"failureMessages":[],"fullName":"twelve of them, and all of them in the game registered, valid, and in the pool","invocations":1,"location":null,"numPassingAsserts":36,"retryReasons":[],"status":"passed","title":"registered, valid, and in the pool"},{"ancestorTitles":["twelve of them, and all of them in the game"],"duration":2,"failureDetails":[],"failureMessages":[],"fullName":"twelve of them, and all of them in the game and none can reach a company in its first year","invocations":1,"location":null,"numPassingAsserts":12,"retryReasons":[],"status":"passed","title":"and none can reach a company in its first year"},{"ancestorTitles":["there is no free way out of any of them"],"duration":6,"failureDetails":[],"failureMessages":[],"fullName":"there is no free way out of any of them every ending in all twelve costs something","invocations":1,"location":null,"numPassingAsserts":44,"retryReasons":[],"status":"passed","title":"every ending in all twelve costs something"},{"ancestorTitles":["there is no free way out of any of them"],"duration":9,"failureDetails":[],"failureMessages":[],"fullName":"there is no free way out of any of them and no ending anywhere in the pack hands the player money","invocations":1,"location":null,"numPassingAsserts":65,"retryReasons":[],"status":"passed","title":"and no ending anywhere in the pack hands the player money"},{"ancestorTitles":["there is no free way out of any of them"],"duration":5,"failureDetails":[],"failureMessages":[],"fullName":"there is no free way out of any of them and no scene has a branch that simply avoids the whole thing","invocations":1,"location":null,"numPassingAsserts":64,"retryReasons":[],"status":"passed","title":"and no scene has a branch that simply avoids the whole thing"},{"ancestorTitles":["and most of the damage is to the name on the box"],"duration":0,"failureDetails":[],"failureMessages":[],"fullName":"and most of the damage is to the name on the box at least three quarters of them","invocations":1,"location":null,"numPassingAsserts":1,"retryReasons":[],"status":"passed","title":"at least three quarters of them"},{"ancestorTitles":["and most of the damage is to the name on the box"],"duration":0,"failureDetails":[],"failureMessages":[],"fullName":"and most of the damage is to the name on the box but not all of them, or brand would be the only currency","invocations":1,"location":null,"numPassingAsserts":1,"retryReasons":[],"status":"passed","title":"but not all of them, or brand would be the only currency"},{"ancestorTitles":["and most of the damage is to the name on the box"],"duration":1,"failureDetails":[],"failureMessages":[],"fullName":"and most of the damage is to the name on the box and the pack spends more than one currency across the twelve","invocations":1,"location":null,"numPassingAsserts":6,"retryReasons":[],"status":"passed","title":"and the pack spends more than one currency across the twelve"},{"ancestorTitles":["most of them are your own people in your doorway"],"duration":1,"failureDetails":[],"failureMessages":[],"fullName":"most of them are your own people in your doorway ten of twelve come from inside the company","invocations":1,"location":null,"numPassingAsserts":1,"retryReasons":[],"status":"passed","title":"ten of twelve come from inside the company"},{"ancestorTitles":["most of them are your own people in your doorway"],"duration":0,"failureDetails":[],"failureMessages":[],"fullName":"most of them are your own people in your doorway and the two strangers are the two who are not on your side","invocations":1,"location":null,"numPassingAsserts":1,"retryReasons":[],"status":"passed","title":"and the two strangers are the two who are not on your side"},{"ancestorTitles":["most of them are your own people in your doorway"],"duration":1,"failureDetails":[],"failureMessages":[],"fullName":"most of them are your own people in your doorway and everybody uses the channel the cast file gives them","invocations":1,"location":null,"numPassingAsserts":26,"retryReasons":[],"status":"passed","title":"and everybody uses the channel the cast file gives them"},{"ancestorTitles":["the regulator finds the batch you buried"],"duration":0,"failureDetails":[],"failureMessages":[],"fullName":"the regulator finds the batch you buried and it is the only crisis with no decision in it","invocations":1,"location":null,"numPassingAsserts":2,"retryReasons":[],"status":"passed","title":"and it is the only crisis with no decision in it"},{"ancestorTitles":["the regulator finds the batch you buried"],"duration":0,"failureDetails":[],"failureMessages":[],"fullName":"the regulator finds the batch you buried it can only reach a player who took that branch","invocations":1,"location":null,"numPassingAsserts":2,"retryReasons":[],"status":"passed","title":"it can only reach a player who took that branch"},{"ancestorTitles":["the regulator finds the batch you buried"],"duration":0,"failureDetails":[],"failureMessages":[],"fullName":"the regulator finds the batch you buried and the branch now raises the flag, which it did not","invocations":1,"location":null,"numPassingAsserts":2,"retryReasons":[],"status":"passed","title":"and the branch now raises the flag, which it did not"},{"ancestorTitles":["the regulator finds the batch you buried"],"duration":0,"failureDetails":[],"failureMessages":[],"fullName":"the regulator finds the batch you buried and it costs more than announcing ever would have","invocations":1,"location":null,"numPassingAsserts":1,"retryReasons":[],"status":"passed","title":"and it costs more than announcing ever would have"},{"ancestorTitles":["the regulator finds the batch you buried"],"duration":0,"failureDetails":[],"failureMessages":[],"fullName":"the regulator finds the batch you buried and it happens once, because it is a consequence rather than weather","invocations":1,"location":null,"numPassingAsserts":1,"retryReasons":[],"status":"passed","title":"and it happens once, because it is a consequence rather than weather"},{"ancestorTitles":["and they are not one crisis twelve times"],"duration":0,"failureDetails":[],"failureMessages":[],"fullName":"and they are not one crisis twelve times paying the ransom is cheaper on the name and leaves a fact behind","invocations":1,"location":null,"numPassingAsserts":2,"retryReasons":[],"status":"passed","title":"paying the ransom is cheaper on the name and leaves a fact behind"},{"ancestorTitles":["and they are not one crisis twelve times"],"duration":0,"failureDetails":[],"failureMessages":[],"fullName":"and they are not one crisis twelve times the accident is the only one where the expensive door RAISES morale","invocations":1,"location":null,"numPassingAsserts":2,"retryReasons":[],"status":"passed","title":"the accident is the only one where the expensive door RAISES morale"},{"ancestorTitles":["and they are not one crisis twelve times"],"duration":0,"failureDetails":[],"failureMessages":[],"fullName":"and they are not one crisis twelve times and every path through the accident records that it happened","invocations":1,"location":null,"numPassingAsserts":3,"retryReasons":[],"status":"passed","title":"and every path through the accident records that it happened"},{"ancestorTitles":["and they are not one crisis twelve times"],"duration":1,"failureDetails":[],"failureMessages":[],"fullName":"and they are not one crisis twelve times the inquiry is the only one where the honest answer costs MORE money","invocations":1,"location":null,"numPassingAsserts":3,"retryReasons":[],"status":"passed","title":"the inquiry is the only one where the honest answer costs MORE money"},{"ancestorTitles":["and they are not one crisis twelve times"],"duration":0,"failureDetails":[],"failureMessages":[],"fullName":"and they are not one crisis twelve times two of them cost production rather than money or name","invocations":1,"location":null,"numPassingAsserts":1,"retryReasons":[],"status":"passed","title":"two of them cost production rather than money or name"},{"ancestorTitles":["and they are not one crisis twelve times"],"duration":1,"failureDetails":[],"failureMessages":[],"fullName":"and they are not one crisis twelve times and the sieges they cause all expire, unlike a raid","invocations":1,"location":null,"numPassingAsserts":6,"retryReasons":[],"status":"passed","title":"and the sieges they cause all expire, unlike a raid"},{"ancestorTitles":["and they are not one crisis twelve times"],"duration":0,"failureDetails":[],"failureMessages":[],"fullName":"and they are not one crisis twelve times the union dispute is not about pay, so paying does not end it","invocations":1,"location":null,"numPassingAsserts":2,"retryReasons":[],"status":"passed","title":"the union dispute is not about pay, so paying does not end it"}],"endTime":1786744527490,"message":"","name":"/Users/salihkilic/Succesor/src/data/events/crises.test.ts","startTime":1786744526793,"status":"passed","summary":""},{"assertionResults":[{"ancestorTitles":["it is a real scene in the game"],"duration":6,"failureDetails":[],"failureMessages":[],"fullName":"it is a real scene in the game is registered and valid","invocations":1,"location":null,"numPassingAsserts":2,"retryReasons":[],"status":"passed","title":"is registered and valid"},{"ancestorTitles":["it is a real scene in the game"],"duration":1,"failureDetails":[],"failureMessages":[],"fullName":"it is a real scene in the game is a story beat now, and no longer carried by a lock","invocations":1,"location":null,"numPassingAsserts":3,"retryReasons":[],"status":"passed","title":"is a story beat now, and no longer carried by a lock"},{"ancestorTitles":["it is a real scene in the game"],"duration":0,"failureDetails":[],"failureMessages":[],"fullName":"it is a real scene in the game and every lock still declares a gate","invocations":1,"location":null,"numPassingAsserts":1,"retryReasons":[],"status":"passed","title":"and every lock still declares a gate"},{"ancestorTitles":["it is a real scene in the game"],"duration":0,"failureDetails":[],"failureMessages":[],"fullName":"it is a real scene in the game its own timing does the work the lock used to do","invocations":1,"location":null,"numPassingAsserts":2,"retryReasons":[],"status":"passed","title":"its own timing does the work the lock used to do"},{"ancestorTitles":["he is watching the wrong company"],"duration":1,"failureDetails":[],"failureMessages":[],"fullName":"he is watching the wrong company names Microhard as the threat","invocations":1,"location":null,"numPassingAsserts":1,"retryReasons":[],"status":"passed","title":"names Microhard as the threat"},{"ancestorTitles":["he is watching the wrong company"],"duration":1,"failureDetails":[],"failureMessages":[],"fullName":"he is watching the wrong company while Pear is the one with more of the market","invocations":1,"location":null,"numPassingAsserts":1,"retryReasons":[],"status":"passed","title":"while Pear is the one with more of the market"},{"ancestorTitles":["he is watching the wrong company"],"duration":0,"failureDetails":[],"failureMessages":[],"fullName":"he is watching the wrong company and Microhard is nonetheless large, so he is not being a fool","invocations":1,"location":null,"numPassingAsserts":2,"retryReasons":[],"status":"passed","title":"and Microhard is nonetheless large, so he is not being a fool"},{"ancestorTitles":["he is watching the wrong company"],"duration":1,"failureDetails":[],"failureMessages":[],"fullName":"he is watching the wrong company the player can put the real number to him, and he reinterprets it","invocations":1,"location":null,"numPassingAsserts":1,"retryReasons":[],"status":"passed","title":"the player can put the real number to him, and he reinterprets it"},{"ancestorTitles":["the budget advice is an absolute, and the engine measures relatively"],"duration":1,"failureDetails":[],"failureMessages":[],"fullName":"the budget advice is an absolute, and the engine measures relatively he quotes a fixed number he never raised","invocations":1,"location":null,"numPassingAsserts":2,"retryReasons":[],"status":"passed","title":"he quotes a fixed number he never raised"},{"ancestorTitles":["the budget advice is an absolute, and the engine measures relatively"],"duration":1,"failureDetails":[],"failureMessages":[],"fullName":"the budget advice is an absolute, and the engine measures relatively and says out loud that his company did not grow","invocations":1,"location":null,"numPassingAsserts":1,"retryReasons":[],"status":"passed","title":"and says out loud that his company did not grow"},{"ancestorTitles":["he never mentions delivery, and that is the seam"],"duration":1,"failureDetails":[],"failureMessages":[],"fullName":"he never mentions delivery, and that is the seam brand is anchored to realised share, not to spend","invocations":1,"location":null,"numPassingAsserts":1,"retryReasons":[],"status":"passed","title":"brand is anchored to realised share, not to spend"},{"ancestorTitles":["he never mentions delivery, and that is the seam"],"duration":1,"failureDetails":[],"failureMessages":[],"fullName":"he never mentions delivery, and that is the seam asked what happens if the orders cannot be built, he shrugs","invocations":1,"location":null,"numPassingAsserts":2,"retryReasons":[],"status":"passed","title":"asked what happens if the orders cannot be built, he shrugs"},{"ancestorTitles":["he never mentions delivery, and that is the seam"],"duration":0,"failureDetails":[],"failureMessages":[],"fullName":"he never mentions delivery, and that is the seam and when pressed he concedes the fact but keeps the conclusion","invocations":1,"location":null,"numPassingAsserts":1,"retryReasons":[],"status":"passed","title":"and when pressed he concedes the fact but keeps the conclusion"},{"ancestorTitles":["but he is not wrong, and that has to survive"],"duration":1,"failureDetails":[],"failureMessages":[],"fullName":"but he is not wrong, and that has to survive every path still reaches the instruction","invocations":1,"location":null,"numPassingAsserts":2,"retryReasons":[],"status":"passed","title":"every path still reaches the instruction"},{"ancestorTitles":["but he is not wrong, and that has to survive"],"duration":0,"failureDetails":[],"failureMessages":[],"fullName":"but he is not wrong, and that has to survive and the advice he gives does work - marketing is a real factor","invocations":1,"location":null,"numPassingAsserts":2,"retryReasons":[],"status":"passed","title":"and the advice he gives does work - marketing is a real factor"}],"endTime":1786744527514,"message":"","name":"/Users/salihkilic/Succesor/src/data/story/fatherMarketing.test.ts","startTime":1786744526837,"status":"passed","summary":""},{"assertionResults":[{"ancestorTitles":["three cases, three different reasons to be sitting there"],"duration":7,"failureDetails":[],"failureMessages":[],"fullName":"three cases, three different reasons to be sitting there registered, valid and in the pool","invocations":1,"location":null,"numPassingAsserts":10,"retryReasons":[],"status":"passed","title":"registered, valid and in the pool"},{"ancestorTitles":["three cases, three different reasons to be sitting there"],"duration":4,"failureDetails":[],"failureMessages":[],"fullName":"three cases, three different reasons to be sitting there all three are letters, because everything they send is written to be quoted","invocations":1,"location":null,"numPassingAsserts":9,"retryReasons":[],"status":"passed","title":"all three are letters, because everything they send is written to be quoted"},{"ancestorTitles":["three cases, three different reasons to be sitting there"],"duration":11,"failureDetails":[],"failureMessages":[],"fullName":"three cases, three different reasons to be sitting there and each needs a different thing to have happened","invocations":1,"location":null,"numPassingAsserts":7,"retryReasons":[],"status":"passed","title":"and each needs a different thing to have happened"},{"ancestorTitles":["three cases, three different reasons to be sitting there"],"duration":2,"failureDetails":[],"failureMessages":[],"fullName":"three cases, three different reasons to be sitting there and none of them arrives twice, because a campaign has one verdict","invocations":1,"location":null,"numPassingAsserts":6,"retryReasons":[],"status":"passed","title":"and none of them arrives twice, because a campaign has one verdict"},{"ancestorTitles":["every interview can be survived and can be lost"],"duration":3,"failureDetails":[],"failureMessages":[],"fullName":"every interview can be survived and can be lost both endings are reachable in all three","invocations":1,"location":null,"numPassingAsserts":6,"retryReasons":[],"status":"passed","title":"both endings are reachable in all three"},{"ancestorTitles":["every interview can be survived and can be lost"],"duration":2,"failureDetails":[],"failureMessages":[],"fullName":"every interview can be survived and can be lost and every node in all three can actually be walked to","invocations":1,"location":null,"numPassingAsserts":26,"retryReasons":[],"status":"passed","title":"and every node in all three can actually be walked to"},{"ancestorTitles":["every interview can be survived and can be lost"],"duration":2,"failureDetails":[],"failureMessages":[],"fullName":"every interview can be survived and can be lost the interview is at least four cards deep before a verdict","invocations":1,"location":null,"numPassingAsserts":3,"retryReasons":[],"status":"passed","title":"the interview is at least four cards deep before a verdict"},{"ancestorTitles":["every interview can be survived and can be lost"],"duration":0,"failureDetails":[],"failureMessages":[],"fullName":"every interview can be survived and can be lost and the trap is a branch rather than a die","invocations":1,"location":null,"numPassingAsserts":3,"retryReasons":[],"status":"passed","title":"and the trap is a branch rather than a die"},{"ancestorTitles":["every interview can be survived and can be lost"],"duration":1,"failureDetails":[],"failureMessages":[],"fullName":"every interview can be survived and can be lost and being wrong ONCE is survivable - it is the second version that kills","invocations":1,"location":null,"numPassingAsserts":2,"retryReasons":[],"status":"passed","title":"and being wrong ONCE is survivable - it is the second version that kills"},{"ancestorTitles":["the bribe"],"duration":1,"failureDetails":[],"failureMessages":[],"fullName":"the bribe is offered in all three","invocations":1,"location":null,"numPassingAsserts":6,"retryReasons":[],"status":"passed","title":"is offered in all three"},{"ancestorTitles":["the bribe"],"duration":2,"failureDetails":[],"failureMessages":[],"fullName":"the bribe and is always fatal, with no way back off that card","invocations":1,"location":null,"numPassingAsserts":9,"retryReasons":[],"status":"passed","title":"and is always fatal, with no way back off that card"},{"ancestorTitles":["the bribe"],"duration":1,"failureDetails":[],"failureMessages":[],"fullName":"the bribe and it reads as the reasonable thing to try, which is the point","invocations":1,"location":null,"numPassingAsserts":13,"retryReasons":[],"status":"passed","title":"and it reads as the reasonable thing to try, which is the point"},{"ancestorTitles":["being found guilty"],"duration":2,"failureDetails":[],"failureMessages":[],"fullName":"being found guilty costs money, the name and the public, all at once","invocations":1,"location":null,"numPassingAsserts":4,"retryReasons":[],"status":"passed","title":"costs money, the name and the public, all at once"},{"ancestorTitles":["being found guilty"],"duration":3,"failureDetails":[],"failureMessages":[],"fullName":"being found guilty and the share collapse runs through brand rather than being written","invocations":1,"location":null,"numPassingAsserts":52,"retryReasons":[],"status":"passed","title":"and the share collapse runs through brand rather than being written"},{"ancestorTitles":["being found guilty"],"duration":0,"failureDetails":[],"failureMessages":[],"fullName":"being found guilty all three cases share one verdict, so no case is secretly milder","invocations":1,"location":null,"numPassingAsserts":6,"retryReasons":[],"status":"passed","title":"all three cases share one verdict, so no case is secretly milder"},{"ancestorTitles":["being found guilty"],"duration":1,"failureDetails":[],"failureMessages":[],"fullName":"being found guilty and being cleared is not free either","invocations":1,"location":null,"numPassingAsserts":2,"retryReasons":[],"status":"passed","title":"and being cleared is not free either"},{"ancestorTitles":["fbiGuilty is a poison rather than a label"],"duration":0,"failureDetails":[],"failureMessages":[],"fullName":"fbiGuilty is a poison rather than a label the conviction keeps taking brand every quarter, forever","invocations":1,"location":null,"numPassingAsserts":3,"retryReasons":[],"status":"passed","title":"the conviction keeps taking brand every quarter, forever"},{"ancestorTitles":["fbiGuilty is a poison rather than a label"],"duration":0,"failureDetails":[],"failureMessages":[],"fullName":"fbiGuilty is a poison rather than a label and every board becomes harder to buy from, measured","invocations":1,"location":null,"numPassingAsserts":3,"retryReasons":[],"status":"passed","title":"and every board becomes harder to buy from, measured"},{"ancestorTitles":["fbiGuilty is a poison rather than a label"],"duration":1,"failureDetails":[],"failureMessages":[],"fullName":"fbiGuilty is a poison rather than a label ...and the hostile route gets more expensive by the same number","invocations":1,"location":null,"numPassingAsserts":2,"retryReasons":[],"status":"passed","title":"...and the hostile route gets more expensive by the same number"}],"endTime":1786744527555,"message":"","name":"/Users/salihkilic/Succesor/src/data/events/fbi.test.ts","startTime":1786744526842,"status":"passed","summary":""},{"assertionResults":[{"ancestorTitles":["the script"],"duration":10,"failureDetails":[{"matcherResult":{"actual":["friend-asks/no: totally understand. forget i asked — we will figure something out.\n\ntalk soon x","event-friend-gossip-small/open: heard a rumour this week — someone at microhard says their consumer line is \"und"],"expected":[],"message":"expect(received).toEqual(expected) // deep equality\n\n- Expected  - 1\n+ Received  + 6\n\n- Array []\n+ Array [\n+   \"friend-asks/no: totally understand. forget i asked — we will figure something out.\n+\n+ talk soon x\",\n+   \"event-friend-gossip-small/open: heard a rumour this week — someone at microhard says their consumer line is \\\"und\",\n+ ]","name":"toEqual","pass":false}}],"failureMessages":["Error: expect(received).toEqual(expected) // deep equality\n\n- Expected  - 1\n+ Received  + 6\n\n- Array []\n+ Array [\n+   \"friend-asks/no: totally understand. forget i asked — we will figure something out.\n+\n+ talk soon x\",\n+   \"event-friend-gossip-small/open: heard a rumour this week — someone at microhard says their consumer line is \\\"und\",\n+ ]\n    at Object.toEqual (/Users/salihkilic/Succesor/src/data/story/noDashes.test.ts:53:27)\n    at Promise.then.completed (/Users/salihkilic/Succesor/node_modules/jest-circus/build/utils.js:298:28)\n    at new Promise (<anonymous>)\n    at callAsyncCircusFn (/Users/salihkilic/Succesor/node_modules/jest-circus/build/utils.js:231:10)\n    at _callCircusTest (/Users/salihkilic/Succesor/node_modules/jest-circus/build/run.js:316:40)\n    at processTicksAndRejections (node:internal/process/task_queues:95:5)\n    at _runTest (/Users/salihkilic/Succesor/node_modules/jest-circus/build/run.js:252:3)\n    at _runTestsForDescribeBlock (/Users/salihkilic/Succesor/node_modules/jest-circus/build/run.js:126:9)\n    at _runTestsForDescribeBlock (/Users/salihkilic/Succesor/node_modules/jest-circus/build/run.js:121:9)\n    at run (/Users/salihkilic/Succesor/node_modules/jest-circus/build/run.js:71:3)\n    at runAndTransformResultsToJestFormat (/Users/salihkilic/Succesor/node_modules/jest-circus/build/legacy-code-todo-rewrite/jestAdapterInit.js:122:21)\n    at jestAdapter (/Users/salihkilic/Succesor/node_modules/jest-circus/build/legacy-code-todo-rewrite/jestAdapter.js:79:19)\n    at runTestInternal (/Users/salihkilic/Succesor/node_modules/jest-runner/build/runTest.js:367:16)\n    at runTest (/Users/salihkilic/Succesor/node_modules/jest-runner/build/runTest.js:444:34)\n    at Object.worker (/Users/salihkilic/Succesor/node_modules/jest-runner/build/testWorker.js:106:12)"],"fullName":"the script has no dashes in any line, subject or answer","invocations":1,"location":null,"numPassingAsserts":0,"retryReasons":[],"status":"failed","title":"has no dashes in any line, subject or answer"},{"ancestorTitles":["the script"],"duration":3,"failureDetails":[],"failureMessages":[],"fullName":"the script and there is a lot of script for that to be true of","invocations":1,"location":null,"numPassingAsserts":1,"retryReasons":[],"status":"passed","title":"and there is a lot of script for that to be true of"},{"ancestorTitles":["the script"],"duration":1,"failureDetails":[],"failureMessages":[],"fullName":"the script while hyphenated words are left alone, because they are spelling","invocations":1,"location":null,"numPassingAsserts":4,"retryReasons":[],"status":"passed","title":"while hyphenated words are left alone, because they are spelling"},{"ancestorTitles":["and the rest of what is read"],"duration":1,"failureDetails":[],"failureMessages":[],"fullName":"and the rest of what is read the tutorial says nothing with a dash in it","invocations":1,"location":null,"numPassingAsserts":1,"retryReasons":[],"status":"passed","title":"the tutorial says nothing with a dash in it"},{"ancestorTitles":["and the rest of what is read"],"duration":1,"failureDetails":[],"failureMessages":[],"fullName":"and the rest of what is read nor does anybody in the cast","invocations":1,"location":null,"numPassingAsserts":1,"retryReasons":[],"status":"passed","title":"nor does anybody in the cast"},{"ancestorTitles":["and the rest of what is read"],"duration":0,"failureDetails":[],"failureMessages":[],"fullName":"and the rest of what is read nor any ending, which is the last thing anybody reads","invocations":1,"location":null,"numPassingAsserts":2,"retryReasons":[],"status":"passed","title":"nor any ending, which is the last thing anybody reads"}],"endTime":1786744527574,"message":"  ● the script › has no dashes in any line, subject or answer\n\n    expect(received).toEqual(expected) // deep equality\n\n    - Expected  - 1\n    + Received  + 6\n\n    - Array []\n    + Array [\n    +   \"friend-asks/no: totally understand. forget i asked — we will figure something out.\n    +\n    + talk soon x\",\n    +   \"event-friend-gossip-small/open: heard a rumour this week — someone at microhard says their consumer line is \\\"und\",\n    + ]\n\n      51 |             .filter(l => PUNCTUATION_DASH.test(l.text))\n      52 |             .map(l => `${l.where}: ${l.text.slice(0, 80)}`);\n    > 53 |         expect(offenders).toEqual([]);\n         |                           ^\n      54 |     });\n      55 |\n      56 |     it('and there is a lot of script for that to be true of', () => {\n\n      at Object.toEqual (src/data/story/noDashes.test.ts:53:27)\n","name":"/Users/salihkilic/Succesor/src/data/story/noDashes.test.ts","startTime":1786744526825,"status":"failed","summary":""},{"assertionResults":[{"ancestorTitles":["all of it is in the game"],"duration":16,"failureDetails":[],"failureMessages":[],"fullName":"all of it is in the game every scene is registered and valid","invocations":1,"location":null,"numPassingAsserts":10,"retryReasons":[],"status":"passed","title":"every scene is registered and valid"},{"ancestorTitles":["all of it is in the game"],"duration":2,"failureDetails":[],"failureMessages":[],"fullName":"all of it is in the game the arc beats fire on their own conditions","invocations":1,"location":null,"numPassingAsserts":3,"retryReasons":[],"status":"passed","title":"the arc beats fire on their own conditions"},{"ancestorTitles":["all of it is in the game"],"duration":0,"failureDetails":[],"failureMessages":[],"fullName":"all of it is in the game and the truth is scheduled by the scene before it, not by a clock","invocations":1,"location":null,"numPassingAsserts":1,"retryReasons":[],"status":"passed","title":"and the truth is scheduled by the scene before it, not by a clock"},{"ancestorTitles":["listening opens it"],"duration":8,"failureDetails":[{"matcherResult":{"actual":false,"expected":true,"message":"expect(received).toBe(expected) // Object.is equality\n\nExpected: true\nReceived: false","name":"toBe","pass":false}}],"failureMessages":["Error: expect(received).toBe(expected) // Object.is equality\n\nExpected: true\nReceived: false\n    at Object.toBe (/Users/salihkilic/Succesor/src/data/story/cfoArc.test.ts:120:47)\n    at Promise.then.completed (/Users/salihkilic/Succesor/node_modules/jest-circus/build/utils.js:298:28)\n    at new Promise (<anonymous>)\n    at callAsyncCircusFn (/Users/salihkilic/Succesor/node_modules/jest-circus/build/utils.js:231:10)\n    at _callCircusTest (/Users/salihkilic/Succesor/node_modules/jest-circus/build/run.js:316:40)\n    at processTicksAndRejections (node:internal/process/task_queues:95:5)\n    at _runTest (/Users/salihkilic/Succesor/node_modules/jest-circus/build/run.js:252:3)\n    at _runTestsForDescribeBlock (/Users/salihkilic/Succesor/node_modules/jest-circus/build/run.js:126:9)\n    at _runTestsForDescribeBlock (/Users/salihkilic/Succesor/node_modules/jest-circus/build/run.js:121:9)\n    at run (/Users/salihkilic/Succesor/node_modules/jest-circus/build/run.js:71:3)\n    at runAndTransformResultsToJestFormat (/Users/salihkilic/Succesor/node_modules/jest-circus/build/legacy-code-todo-rewrite/jestAdapterInit.js:122:21)\n    at jestAdapter (/Users/salihkilic/Succesor/node_modules/jest-circus/build/legacy-code-todo-rewrite/jestAdapter.js:79:19)\n    at runTestInternal (/Users/salihkilic/Succesor/node_modules/jest-runner/build/runTest.js:367:16)\n    at runTest (/Users/salihkilic/Succesor/node_modules/jest-runner/build/runTest.js:444:34)\n    at Object.worker (/Users/salihkilic/Succesor/node_modules/jest-runner/build/testWorker.js:106:12)"],"fullName":"listening opens it a player who takes his trades reaches the secret","invocations":1,"location":null,"numPassingAsserts":0,"retryReasons":[],"status":"failed","title":"a player who takes his trades reaches the secret"},{"ancestorTitles":["listening opens it"],"duration":1,"failureDetails":[],"failureMessages":[],"fullName":"listening opens it and the secret is the reward - it is not reachable any other way","invocations":1,"location":null,"numPassingAsserts":2,"retryReasons":[],"status":"passed","title":"and the secret is the reward - it is not reachable any other way"},{"ancestorTitles":["refusing closes it"],"duration":1,"failureDetails":[],"failureMessages":[],"fullName":"refusing closes it a player who brushes him off never gets past the first trade","invocations":1,"location":null,"numPassingAsserts":4,"retryReasons":[],"status":"passed","title":"a player who brushes him off never gets past the first trade"},{"ancestorTitles":["refusing closes it"],"duration":0,"failureDetails":[],"failureMessages":[],"fullName":"refusing closes it and repeated dismissals reach the resignation","invocations":1,"location":null,"numPassingAsserts":3,"retryReasons":[],"status":"passed","title":"and repeated dismissals reach the resignation"},{"ancestorTitles":["refusing closes it"],"duration":3,"failureDetails":[],"failureMessages":[],"fullName":"refusing closes it the resignation cannot be argued out of","invocations":1,"location":null,"numPassingAsserts":6,"retryReasons":[],"status":"passed","title":"the resignation cannot be argued out of"},{"ancestorTitles":["refusing closes it"],"duration":0,"failureDetails":[],"failureMessages":[],"fullName":"refusing closes it and it names the cost without naming what was in it","invocations":1,"location":null,"numPassingAsserts":2,"retryReasons":[],"status":"passed","title":"and it names the cost without naming what was in it"},{"ancestorTitles":["the cash warning is right, which is what makes ignoring it a decision"],"duration":1,"failureDetails":[],"failureMessages":[],"fullName":"the cash warning is right, which is what makes ignoring it a decision fires on a real number rather than on a mood","invocations":1,"location":null,"numPassingAsserts":2,"retryReasons":[],"status":"passed","title":"fires on a real number rather than on a mood"},{"ancestorTitles":["the cash warning is right, which is what makes ignoring it a decision"],"duration":1,"failureDetails":[],"failureMessages":[],"fullName":"the cash warning is right, which is what makes ignoring it a decision is in the pool and outranks a bad batch","invocations":1,"location":null,"numPassingAsserts":2,"retryReasons":[],"status":"passed","title":"is in the pool and outranks a bad batch"},{"ancestorTitles":["the cash warning is right, which is what makes ignoring it a decision"],"duration":2,"failureDetails":[],"failureMessages":[],"fullName":"the cash warning is right, which is what makes ignoring it a decision and it wins the quarter when the company is running out","invocations":1,"location":null,"numPassingAsserts":1,"retryReasons":[],"status":"passed","title":"and it wins the quarter when the company is running out"},{"ancestorTitles":["the cash warning is right, which is what makes ignoring it a decision"],"duration":0,"failureDetails":[],"failureMessages":[],"fullName":"the cash warning is right, which is what makes ignoring it a decision stops once he has gone","invocations":1,"location":null,"numPassingAsserts":1,"retryReasons":[],"status":"passed","title":"stops once he has gone"},{"ancestorTitles":["what the father was hiding"],"duration":1,"failureDetails":[],"failureMessages":[],"fullName":"what the father was hiding is not a mistress","invocations":1,"location":null,"numPassingAsserts":2,"retryReasons":[],"status":"passed","title":"is not a mistress"},{"ancestorTitles":["what the father was hiding"],"duration":0,"failureDetails":[],"failureMessages":[],"fullName":"what the father was hiding and it was defensible when he did it and theft five years later","invocations":1,"location":null,"numPassingAsserts":2,"retryReasons":[],"status":"passed","title":"and it was defensible when he did it and theft five years later"},{"ancestorTitles":["what the father was hiding"],"duration":0,"failureDetails":[],"failureMessages":[],"fullName":"what the father was hiding it explains \"trust nobody\" as a confession","invocations":1,"location":null,"numPassingAsserts":1,"retryReasons":[],"status":"passed","title":"it explains \"trust nobody\" as a confession"},{"ancestorTitles":["what the father was hiding"],"duration":1,"failureDetails":[],"failureMessages":[],"fullName":"what the father was hiding and the decent option is the expensive one, with no verdict attached","invocations":1,"location":null,"numPassingAsserts":2,"retryReasons":[],"status":"passed","title":"and the decent option is the expensive one, with no verdict attached"}],"endTime":1786744527580,"message":"  ● listening opens it › a player who takes his trades reaches the secret\n\n    expect(received).toBe(expected) // Object.is equality\n\n    Expected: true\n    Received: false\n\n      118 |     it('a player who takes his trades reaches the secret', () => {\n      119 |         const { w, sink } = playable();\n    > 120 |         expect(testAll(cfoBoardRoom.when, w)).toBe(true);\n          |                                               ^\n      121 |\n      122 |         walk(cfoBoardRoom, ['Why did he not stop it?', 'Then tell me what mood they arrive in.',\n      123 |             'Noted.', 'I am saying yes to it.'], sink);\n\n      at Object.toBe (src/data/story/cfoArc.test.ts:120:47)\n","name":"/Users/salihkilic/Succesor/src/data/story/cfoArc.test.ts","startTime":1786744526833,"status":"failed","summary":""},{"assertionResults":[{"ancestorTitles":["all three are in the game"],"duration":7,"failureDetails":[],"failureMessages":[],"fullName":"all three are in the game registered, valid, and in the pool","invocations":1,"location":null,"numPassingAsserts":9,"retryReasons":[],"status":"passed","title":"registered, valid, and in the pool"},{"ancestorTitles":["exactly one temperature is possible at a time"],"duration":7,"failureDetails":[{"matcherResult":{"actual":{"trust":0,"count":0},"expected":{"trust":0,"count":1},"message":"expect(received).toEqual(expected) // deep equality\n\n- Expected  - 1\n+ Received  + 1\n\n  Object {\n-   \"count\": 1,\n+   \"count\": 0,\n    \"trust\": 0,\n  }","name":"toEqual","pass":false}}],"failureMessages":["Error: expect(received).toEqual(expected) // deep equality\n\n- Expected  - 1\n+ Received  + 1\n\n  Object {\n-   \"count\": 1,\n+   \"count\": 0,\n    \"trust\": 0,\n  }\n    at toEqual (/Users/salihkilic/Succesor/src/data/events/brotherDividend.test.ts:78:51)\n    at Object._loop (/Users/salihkilic/Succesor/src/data/events/brotherDividend.test.ts:75:53)\n    at Promise.then.completed (/Users/salihkilic/Succesor/node_modules/jest-circus/build/utils.js:298:28)\n    at new Promise (<anonymous>)\n    at callAsyncCircusFn (/Users/salihkilic/Succesor/node_modules/jest-circus/build/utils.js:231:10)\n    at _callCircusTest (/Users/salihkilic/Succesor/node_modules/jest-circus/build/run.js:316:40)\n    at processTicksAndRejections (node:internal/process/task_queues:95:5)\n    at _runTest (/Users/salihkilic/Succesor/node_modules/jest-circus/build/run.js:252:3)\n    at _runTestsForDescribeBlock (/Users/salihkilic/Succesor/node_modules/jest-circus/build/run.js:126:9)\n    at _runTestsForDescribeBlock (/Users/salihkilic/Succesor/node_modules/jest-circus/build/run.js:121:9)\n    at run (/Users/salihkilic/Succesor/node_modules/jest-circus/build/run.js:71:3)\n    at runAndTransformResultsToJestFormat (/Users/salihkilic/Succesor/node_modules/jest-circus/build/legacy-code-todo-rewrite/jestAdapterInit.js:122:21)\n    at jestAdapter (/Users/salihkilic/Succesor/node_modules/jest-circus/build/legacy-code-todo-rewrite/jestAdapter.js:79:19)\n    at runTestInternal (/Users/salihkilic/Succesor/node_modules/jest-runner/build/runTest.js:367:16)\n    at runTest (/Users/salihkilic/Succesor/node_modules/jest-runner/build/runTest.js:444:34)\n    at Object.worker (/Users/salihkilic/Succesor/node_modules/jest-runner/build/testWorker.js:106:12)"],"fullName":"exactly one temperature is possible at a time never two, never none","invocations":1,"location":null,"numPassingAsserts":0,"retryReasons":[],"status":"failed","title":"never two, never none"},{"ancestorTitles":["exactly one temperature is possible at a time"],"duration":1,"failureDetails":[{}],"failureMessages":["TypeError: Cannot read properties of undefined (reading 'name')\n    at nameAt (/Users/salihkilic/Succesor/src/data/events/brotherDividend.test.ts:84:68)\n    at Object.nameAt (/Users/salihkilic/Succesor/src/data/events/brotherDividend.test.ts:85:16)\n    at Promise.then.completed (/Users/salihkilic/Succesor/node_modules/jest-circus/build/utils.js:298:28)\n    at new Promise (<anonymous>)\n    at callAsyncCircusFn (/Users/salihkilic/Succesor/node_modules/jest-circus/build/utils.js:231:10)\n    at _callCircusTest (/Users/salihkilic/Succesor/node_modules/jest-circus/build/run.js:316:40)\n    at processTicksAndRejections (node:internal/process/task_queues:95:5)\n    at _runTest (/Users/salihkilic/Succesor/node_modules/jest-circus/build/run.js:252:3)\n    at _runTestsForDescribeBlock (/Users/salihkilic/Succesor/node_modules/jest-circus/build/run.js:126:9)\n    at _runTestsForDescribeBlock (/Users/salihkilic/Succesor/node_modules/jest-circus/build/run.js:121:9)\n    at run (/Users/salihkilic/Succesor/node_modules/jest-circus/build/run.js:71:3)\n    at runAndTransformResultsToJestFormat (/Users/salihkilic/Succesor/node_modules/jest-circus/build/legacy-code-todo-rewrite/jestAdapterInit.js:122:21)\n    at jestAdapter (/Users/salihkilic/Succesor/node_modules/jest-circus/build/legacy-code-todo-rewrite/jestAdapter.js:79:19)\n    at runTestInternal (/Users/salihkilic/Succesor/node_modules/jest-runner/build/runTest.js:367:16)\n    at runTest (/Users/salihkilic/Succesor/node_modules/jest-runner/build/runTest.js:444:34)\n    at Object.worker (/Users/salihkilic/Succesor/node_modules/jest-runner/build/testWorker.js:106:12)"],"fullName":"exactly one temperature is possible at a time and the temperature is the one the number says","invocations":1,"location":null,"numPassingAsserts":0,"retryReasons":[],"status":"failed","title":"and the temperature is the one the number says"},{"ancestorTitles":["exactly one temperature is possible at a time"],"duration":2,"failureDetails":[{"matcherResult":{"actual":false,"expected":true,"message":"expect(received).toBe(expected) // Object.is equality\n\nExpected: true\nReceived: false","name":"toBe","pass":false}}],"failureMessages":["Error: expect(received).toBe(expected) // Object.is equality\n\nExpected: true\nReceived: false\n    at Object.toBe (/Users/salihkilic/Succesor/src/data/events/brotherDividend.test.ts:96:14)\n    at Promise.then.completed (/Users/salihkilic/Succesor/node_modules/jest-circus/build/utils.js:298:28)\n    at new Promise (<anonymous>)\n    at callAsyncCircusFn (/Users/salihkilic/Succesor/node_modules/jest-circus/build/utils.js:231:10)\n    at _callCircusTest (/Users/salihkilic/Succesor/node_modules/jest-circus/build/run.js:316:40)\n    at processTicksAndRejections (node:internal/process/task_queues:95:5)\n    at _runTest (/Users/salihkilic/Succesor/node_modules/jest-circus/build/run.js:252:3)\n    at _runTestsForDescribeBlock (/Users/salihkilic/Succesor/node_modules/jest-circus/build/run.js:126:9)\n    at _runTestsForDescribeBlock (/Users/salihkilic/Succesor/node_modules/jest-circus/build/run.js:121:9)\n    at run (/Users/salihkilic/Succesor/node_modules/jest-circus/build/run.js:71:3)\n    at runAndTransformResultsToJestFormat (/Users/salihkilic/Succesor/node_modules/jest-circus/build/legacy-code-todo-rewrite/jestAdapterInit.js:122:21)\n    at jestAdapter (/Users/salihkilic/Succesor/node_modules/jest-circus/build/legacy-code-todo-rewrite/jestAdapter.js:79:19)\n    at runTestInternal (/Users/salihkilic/Succesor/node_modules/jest-runner/build/runTest.js:367:16)\n    at runTest (/Users/salihkilic/Succesor/node_modules/jest-runner/build/runTest.js:444:34)\n    at Object.worker (/Users/salihkilic/Succesor/node_modules/jest-runner/build/testWorker.js:106:12)"],"fullName":"exactly one temperature is possible at a time and the player starts cold, which is where he starts as a person","invocations":1,"location":null,"numPassingAsserts":1,"retryReasons":[],"status":"failed","title":"and the player starts cold, which is where he starts as a person"},{"ancestorTitles":["the temperature is audible"],"duration":1,"failureDetails":[{"matcherResult":{"message":"expect(received).toContain(expected) // indexOf\n\nExpected substring: \"Farrow\"\nReceived string:    \"I am requisitioning an agenda item for the next board meeting: a shareholder distribution. I hold the 15% required to force the vote.\"","pass":false}}],"failureMessages":["Error: expect(received).toContain(expected) // indexOf\n\nExpected substring: \"Farrow\"\nReceived string:    \"I am requisitioning an agenda item for the next board meeting: a shareholder distribution. I hold the 15% required to force the vote.\"\n    at Object.toContain (/Users/salihkilic/Succesor/src/data/events/brotherDividend.test.ts:102:51)\n    at Promise.then.completed (/Users/salihkilic/Succesor/node_modules/jest-circus/build/utils.js:298:28)\n    at new Promise (<anonymous>)\n    at callAsyncCircusFn (/Users/salihkilic/Succesor/node_modules/jest-circus/build/utils.js:231:10)\n    at _callCircusTest (/Users/salihkilic/Succesor/node_modules/jest-circus/build/run.js:316:40)\n    at processTicksAndRejections (node:internal/process/task_queues:95:5)\n    at _runTest (/Users/salihkilic/Succesor/node_modules/jest-circus/build/run.js:252:3)\n    at _runTestsForDescribeBlock (/Users/salihkilic/Succesor/node_modules/jest-circus/build/run.js:126:9)\n    at _runTestsForDescribeBlock (/Users/salihkilic/Succesor/node_modules/jest-circus/build/run.js:121:9)\n    at run (/Users/salihkilic/Succesor/node_modules/jest-circus/build/run.js:71:3)\n    at runAndTransformResultsToJestFormat (/Users/salihkilic/Succesor/node_modules/jest-circus/build/legacy-code-todo-rewrite/jestAdapterInit.js:122:21)\n    at jestAdapter (/Users/salihkilic/Succesor/node_modules/jest-circus/build/legacy-code-todo-rewrite/jestAdapter.js:79:19)\n    at runTestInternal (/Users/salihkilic/Succesor/node_modules/jest-runner/build/runTest.js:367:16)\n    at runTest (/Users/salihkilic/Succesor/node_modules/jest-runner/build/runTest.js:444:34)\n    at Object.worker (/Users/salihkilic/Succesor/node_modules/jest-runner/build/testWorker.js:106:12)"],"fullName":"the temperature is audible cold goes through a lawyer, warm comes to your face","invocations":1,"location":null,"numPassingAsserts":0,"retryReasons":[],"status":"failed","title":"cold goes through a lawyer, warm comes to your face"},{"ancestorTitles":["the temperature is audible"],"duration":1,"failureDetails":[{"matcherResult":{"message":"expect(received).toContain(expected) // indexOf\n\nExpected substring: \"Dad trusted you with all of it\"\nReceived string:    \"Are you free to talk about a dividend? Two million total across all shares, which means three hundred thousand for me. Two million across the register. Small enough that you might think it is not worth discussing. A dividend is the only thing a company does that acknowledges its shareholders directly. Dad trusted you with everything and assumed I would be fine without a say. I just want some recognition. It is not. But I am telling you honestly how it feels. All right. I would rather hear no directly from you than get ignored by corporate counsel. Thank you. Genuinely. I will put it to good use.\"","pass":false}}],"failureMessages":["Error: expect(received).toContain(expected) // indexOf\n\nExpected substring: \"Dad trusted you with all of it\"\nReceived string:    \"Are you free to talk about a dividend? Two million total across all shares, which means three hundred thousand for me. Two million across the register. Small enough that you might think it is not worth discussing. A dividend is the only thing a company does that acknowledges its shareholders directly. Dad trusted you with everything and assumed I would be fine without a say. I just want some recognition. It is not. But I am telling you honestly how it feels. All right. I would rather hear no directly from you than get ignored by corporate counsel. Thank you. Genuinely. I will put it to good use.\"\n    at Object.toContain (/Users/salihkilic/Succesor/src/data/events/brotherDividend.test.ts:111:22)\n    at Promise.then.completed (/Users/salihkilic/Succesor/node_modules/jest-circus/build/utils.js:298:28)\n    at new Promise (<anonymous>)\n    at callAsyncCircusFn (/Users/salihkilic/Succesor/node_modules/jest-circus/build/utils.js:231:10)\n    at _callCircusTest (/Users/salihkilic/Succesor/node_modules/jest-circus/build/run.js:316:40)\n    at processTicksAndRejections (node:internal/process/task_queues:95:5)\n    at _runTest (/Users/salihkilic/Succesor/node_modules/jest-circus/build/run.js:252:3)\n    at _runTestsForDescribeBlock (/Users/salihkilic/Succesor/node_modules/jest-circus/build/run.js:126:9)\n    at _runTestsForDescribeBlock (/Users/salihkilic/Succesor/node_modules/jest-circus/build/run.js:121:9)\n    at run (/Users/salihkilic/Succesor/node_modules/jest-circus/build/run.js:71:3)\n    at runAndTransformResultsToJestFormat (/Users/salihkilic/Succesor/node_modules/jest-circus/build/legacy-code-todo-rewrite/jestAdapterInit.js:122:21)\n    at jestAdapter (/Users/salihkilic/Succesor/node_modules/jest-circus/build/legacy-code-todo-rewrite/jestAdapter.js:79:19)\n    at runTestInternal (/Users/salihkilic/Succesor/node_modules/jest-runner/build/runTest.js:367:16)\n    at runTest (/Users/salihkilic/Succesor/node_modules/jest-runner/build/runTest.js:444:34)\n    at Object.worker (/Users/salihkilic/Succesor/node_modules/jest-runner/build/testWorker.js:106:12)"],"fullName":"the temperature is audible and the needle only exists where it can reach","invocations":1,"location":null,"numPassingAsserts":0,"retryReasons":[],"status":"failed","title":"and the needle only exists where it can reach"},{"ancestorTitles":["the temperature is audible"],"duration":2,"failureDetails":[{"matcherResult":{"message":"expect(received).toContain(expected) // indexOf\n\nExpected substring: \"my brother\"\nReceived string:    \"Are you free to talk about a dividend? Two million total across all shares, which means three hundred thousand for me. Two million across the register. Small enough that you might think it is not worth discussing. A dividend is the only thing a company does that acknowledges its shareholders directly. Dad trusted you with everything and assumed I would be fine without a say. I just want some recognition. It is not. But I am telling you honestly how it feels. All right. I would rather hear no directly from you than get ignored by corporate counsel. Thank you. Genuinely. I will put it to good use.\"","pass":false}}],"failureMessages":["Error: expect(received).toContain(expected) // indexOf\n\nExpected substring: \"my brother\"\nReceived string:    \"Are you free to talk about a dividend? Two million total across all shares, which means three hundred thousand for me. Two million across the register. Small enough that you might think it is not worth discussing. A dividend is the only thing a company does that acknowledges its shareholders directly. Dad trusted you with everything and assumed I would be fine without a say. I just want some recognition. It is not. But I am telling you honestly how it feels. All right. I would rather hear no directly from you than get ignored by corporate counsel. Thank you. Genuinely. I will put it to good use.\"\n    at Object.toContain (/Users/salihkilic/Succesor/src/data/events/brotherDividend.test.ts:118:70)\n    at Promise.then.completed (/Users/salihkilic/Succesor/node_modules/jest-circus/build/utils.js:298:28)\n    at new Promise (<anonymous>)\n    at callAsyncCircusFn (/Users/salihkilic/Succesor/node_modules/jest-circus/build/utils.js:231:10)\n    at _callCircusTest (/Users/salihkilic/Succesor/node_modules/jest-circus/build/run.js:316:40)\n    at processTicksAndRejections (node:internal/process/task_queues:95:5)\n    at _runTest (/Users/salihkilic/Succesor/node_modules/jest-circus/build/run.js:252:3)\n    at _runTestsForDescribeBlock (/Users/salihkilic/Succesor/node_modules/jest-circus/build/run.js:126:9)\n    at _runTestsForDescribeBlock (/Users/salihkilic/Succesor/node_modules/jest-circus/build/run.js:121:9)\n    at run (/Users/salihkilic/Succesor/node_modules/jest-circus/build/run.js:71:3)\n    at runAndTransformResultsToJestFormat (/Users/salihkilic/Succesor/node_modules/jest-circus/build/legacy-code-todo-rewrite/jestAdapterInit.js:122:21)\n    at jestAdapter (/Users/salihkilic/Succesor/node_modules/jest-circus/build/legacy-code-todo-rewrite/jestAdapter.js:79:19)\n    at runTestInternal (/Users/salihkilic/Succesor/node_modules/jest-runner/build/runTest.js:367:16)\n    at runTest (/Users/salihkilic/Succesor/node_modules/jest-runner/build/runTest.js:444:34)\n    at Object.worker (/Users/salihkilic/Succesor/node_modules/jest-runner/build/testWorker.js:106:12)"],"fullName":"the temperature is audible cold ends in the minutes, warm ends in a conversation","invocations":1,"location":null,"numPassingAsserts":1,"retryReasons":[],"status":"failed","title":"cold ends in the minutes, warm ends in a conversation"},{"ancestorTitles":["warmth does not make him safe"],"duration":1,"failureDetails":[{"matcherResult":{"message":"expect(received).toContain(expected) // indexOf\n\nExpected substring: \"dinner with Halberd\"\nReceived string:    \"Two things: first, I am not pushing on dividends this year. The cash is better reinvested in the company.·\nSecond: Halberd approached me again. Twice this year over dinner. As a shareholder, I listen to what people value the stake at. I have done nothing behind your back. I listen to them, and then I bring the intel straight to you. They are looking to back a buyer and checking if the family would split in a vote. I told them we vote as one block. Understood. If they call, I will direct them away and let you know immediately.\"","pass":false}}],"failureMessages":["Error: expect(received).toContain(expected) // indexOf\n\nExpected substring: \"dinner with Halberd\"\nReceived string:    \"Two things: first, I am not pushing on dividends this year. The cash is better reinvested in the company.·\nSecond: Halberd approached me again. Twice this year over dinner. As a shareholder, I listen to what people value the stake at. I have done nothing behind your back. I listen to them, and then I bring the intel straight to you. They are looking to back a buyer and checking if the family would split in a vote. I told them we vote as one block. Understood. If they call, I will direct them away and let you know immediately.\"\n    at Object.toContain (/Users/salihkilic/Succesor/src/data/events/brotherDividend.test.ts:128:27)\n    at Promise.then.completed (/Users/salihkilic/Succesor/node_modules/jest-circus/build/utils.js:298:28)\n    at new Promise (<anonymous>)\n    at callAsyncCircusFn (/Users/salihkilic/Succesor/node_modules/jest-circus/build/utils.js:231:10)\n    at _callCircusTest (/Users/salihkilic/Succesor/node_modules/jest-circus/build/run.js:316:40)\n    at processTicksAndRejections (node:internal/process/task_queues:95:5)\n    at _runTest (/Users/salihkilic/Succesor/node_modules/jest-circus/build/run.js:252:3)\n    at _runTestsForDescribeBlock (/Users/salihkilic/Succesor/node_modules/jest-circus/build/run.js:126:9)\n    at _runTestsForDescribeBlock (/Users/salihkilic/Succesor/node_modules/jest-circus/build/run.js:121:9)\n    at run (/Users/salihkilic/Succesor/node_modules/jest-circus/build/run.js:71:3)\n    at runAndTransformResultsToJestFormat (/Users/salihkilic/Succesor/node_modules/jest-circus/build/legacy-code-todo-rewrite/jestAdapterInit.js:122:21)\n    at jestAdapter (/Users/salihkilic/Succesor/node_modules/jest-circus/build/legacy-code-todo-rewrite/jestAdapter.js:79:19)\n    at runTestInternal (/Users/salihkilic/Succesor/node_modules/jest-runner/build/runTest.js:367:16)\n    at runTest (/Users/salihkilic/Succesor/node_modules/jest-runner/build/runTest.js:444:34)\n    at Object.worker (/Users/salihkilic/Succesor/node_modules/jest-runner/build/testWorker.js:106:12)"],"fullName":"warmth does not make him safe the close version carries the worst news in the arc","invocations":1,"location":null,"numPassingAsserts":0,"retryReasons":[],"status":"failed","title":"the close version carries the worst news in the arc"},{"ancestorTitles":["warmth does not make him safe"],"duration":2,"failureDetails":[{"matcherResult":{"message":"expect(received).toContain(expected) // indexOf\n\nExpected substring: \"I am telling you\"\nReceived string:    \"Two things: first, I am not pushing on dividends this year. The cash is better reinvested in the company.·\nSecond: Halberd approached me again. Twice this year over dinner. As a shareholder, I listen to what people value the stake at. I have done nothing behind your back. I listen to them, and then I bring the intel straight to you. They are looking to back a buyer and checking if the family would split in a vote. I told them we vote as one block. Understood. If they call, I will direct them away and let you know immediately.\"","pass":false}}],"failureMessages":["Error: expect(received).toContain(expected) // indexOf\n\nExpected substring: \"I am telling you\"\nReceived string:    \"Two things: first, I am not pushing on dividends this year. The cash is better reinvested in the company.·\nSecond: Halberd approached me again. Twice this year over dinner. As a shareholder, I listen to what people value the stake at. I have done nothing behind your back. I listen to them, and then I bring the intel straight to you. They are looking to back a buyer and checking if the family would split in a vote. I told them we vote as one block. Understood. If they call, I will direct them away and let you know immediately.\"\n    at Object.toContain (/Users/salihkilic/Succesor/src/data/events/brotherDividend.test.ts:137:27)\n    at Promise.then.completed (/Users/salihkilic/Succesor/node_modules/jest-circus/build/utils.js:298:28)\n    at new Promise (<anonymous>)\n    at callAsyncCircusFn (/Users/salihkilic/Succesor/node_modules/jest-circus/build/utils.js:231:10)\n    at _callCircusTest (/Users/salihkilic/Succesor/node_modules/jest-circus/build/run.js:316:40)\n    at processTicksAndRejections (node:internal/process/task_queues:95:5)\n    at _runTest (/Users/salihkilic/Succesor/node_modules/jest-circus/build/run.js:252:3)\n    at _runTestsForDescribeBlock (/Users/salihkilic/Succesor/node_modules/jest-circus/build/run.js:126:9)\n    at _runTestsForDescribeBlock (/Users/salihkilic/Succesor/node_modules/jest-circus/build/run.js:121:9)\n    at run (/Users/salihkilic/Succesor/node_modules/jest-circus/build/run.js:71:3)\n    at runAndTransformResultsToJestFormat (/Users/salihkilic/Succesor/node_modules/jest-circus/build/legacy-code-todo-rewrite/jestAdapterInit.js:122:21)\n    at jestAdapter (/Users/salihkilic/Succesor/node_modules/jest-circus/build/legacy-code-todo-rewrite/jestAdapter.js:79:19)\n    at runTestInternal (/Users/salihkilic/Succesor/node_modules/jest-runner/build/runTest.js:367:16)\n    at runTest (/Users/salihkilic/Succesor/node_modules/jest-runner/build/runTest.js:444:34)\n    at Object.worker (/Users/salihkilic/Succesor/node_modules/jest-runner/build/testWorker.js:106:12)"],"fullName":"warmth does not make him safe and he is telling you, which is the whole problem","invocations":1,"location":null,"numPassingAsserts":0,"retryReasons":[],"status":"failed","title":"and he is telling you, which is the whole problem"},{"ancestorTitles":["warmth does not make him safe"],"duration":1,"failureDetails":[{"matcherResult":{"message":"expect(received).toContain(expected) // indexOf\n\nExpected substring: \"we both know I will pick up the phone\"\nReceived string:    \"Understood. If they call, I will direct them away and let you know immediately.\"","pass":false}}],"failureMessages":["Error: expect(received).toContain(expected) // indexOf\n\nExpected substring: \"we both know I will pick up the phone\"\nReceived string:    \"Understood. If they call, I will direct them away and let you know immediately.\"\n    at Object.toContain (/Users/salihkilic/Succesor/src/data/events/brotherDividend.test.ts:143:27)\n    at Promise.then.completed (/Users/salihkilic/Succesor/node_modules/jest-circus/build/utils.js:298:28)\n    at new Promise (<anonymous>)\n    at callAsyncCircusFn (/Users/salihkilic/Succesor/node_modules/jest-circus/build/utils.js:231:10)\n    at _callCircusTest (/Users/salihkilic/Succesor/node_modules/jest-circus/build/run.js:316:40)\n    at processTicksAndRejections (node:internal/process/task_queues:95:5)\n    at _runTest (/Users/salihkilic/Succesor/node_modules/jest-circus/build/run.js:252:3)\n    at _runTestsForDescribeBlock (/Users/salihkilic/Succesor/node_modules/jest-circus/build/run.js:126:9)\n    at _runTestsForDescribeBlock (/Users/salihkilic/Succesor/node_modules/jest-circus/build/run.js:121:9)\n    at run (/Users/salihkilic/Succesor/node_modules/jest-circus/build/run.js:71:3)\n    at runAndTransformResultsToJestFormat (/Users/salihkilic/Succesor/node_modules/jest-circus/build/legacy-code-todo-rewrite/jestAdapterInit.js:122:21)\n    at jestAdapter (/Users/salihkilic/Succesor/node_modules/jest-circus/build/legacy-code-todo-rewrite/jestAdapter.js:79:19)\n    at runTestInternal (/Users/salihkilic/Succesor/node_modules/jest-runner/build/runTest.js:367:16)\n    at runTest (/Users/salihkilic/Succesor/node_modules/jest-runner/build/runTest.js:444:34)\n    at Object.worker (/Users/salihkilic/Succesor/node_modules/jest-runner/build/testWorker.js:106:12)"],"fullName":"warmth does not make him safe asking him to stop gets an honest refusal rather than a promise","invocations":1,"location":null,"numPassingAsserts":0,"retryReasons":[],"status":"failed","title":"asking him to stop gets an honest refusal rather than a promise"},{"ancestorTitles":["warmth does not make him safe"],"duration":1,"failureDetails":[{}],"failureMessages":["TypeError: Cannot read properties of undefined (reading 'effects')\n    at Object.effects (/Users/salihkilic/Succesor/src/data/events/brotherDividend.test.ts:151:26)\n    at Promise.then.completed (/Users/salihkilic/Succesor/node_modules/jest-circus/build/utils.js:298:28)\n    at new Promise (<anonymous>)\n    at callAsyncCircusFn (/Users/salihkilic/Succesor/node_modules/jest-circus/build/utils.js:231:10)\n    at _callCircusTest (/Users/salihkilic/Succesor/node_modules/jest-circus/build/run.js:316:40)\n    at processTicksAndRejections (node:internal/process/task_queues:95:5)\n    at _runTest (/Users/salihkilic/Succesor/node_modules/jest-circus/build/run.js:252:3)\n    at _runTestsForDescribeBlock (/Users/salihkilic/Succesor/node_modules/jest-circus/build/run.js:126:9)\n    at _runTestsForDescribeBlock (/Users/salihkilic/Succesor/node_modules/jest-circus/build/run.js:121:9)\n    at run (/Users/salihkilic/Succesor/node_modules/jest-circus/build/run.js:71:3)\n    at runAndTransformResultsToJestFormat (/Users/salihkilic/Succesor/node_modules/jest-circus/build/legacy-code-todo-rewrite/jestAdapterInit.js:122:21)\n    at jestAdapter (/Users/salihkilic/Succesor/node_modules/jest-circus/build/legacy-code-todo-rewrite/jestAdapter.js:79:19)\n    at runTestInternal (/Users/salihkilic/Succesor/node_modules/jest-runner/build/runTest.js:367:16)\n    at runTest (/Users/salihkilic/Succesor/node_modules/jest-runner/build/runTest.js:444:34)\n    at Object.worker (/Users/salihkilic/Succesor/node_modules/jest-runner/build/testWorker.js:106:12)"],"fullName":"warmth does not make him safe and objecting costs the player the channel","invocations":1,"location":null,"numPassingAsserts":0,"retryReasons":[],"status":"failed","title":"and objecting costs the player the channel"},{"ancestorTitles":["warmth does not make him safe"],"duration":1,"failureDetails":[],"failureMessages":[],"fullName":"warmth does not make him safe every temperature moves the dial in both directions","invocations":1,"location":null,"numPassingAsserts":3,"retryReasons":[],"status":"passed","title":"every temperature moves the dial in both directions"},{"ancestorTitles":["the dial is his board vote"],"duration":1,"failureDetails":[],"failureMessages":[],"fullName":"the dial is his board vote warming him up moves the cap table, because he is a Snake","invocations":1,"location":null,"numPassingAsserts":2,"retryReasons":[],"status":"passed","title":"warming him up moves the cap table, because he is a Snake"}],"endTime":1786744527593,"message":"  ● exactly one temperature is possible at a time › never two, never none\n\n    expect(received).toEqual(expected) // deep equality\n\n    - Expected  - 1\n    + Received  + 1\n\n      Object {\n    -   \"count\": 1,\n    +   \"count\": 0,\n        \"trust\": 0,\n      }\n\n      76 |             const w = world(trust);\n      77 |             const live = VARIANTS.filter(v => testAll(v.event.when, w));\n    > 78 |             expect({ trust, count: live.length }).toEqual({ trust, count: 1 });\n         |                                                   ^\n      79 |         }\n      80 |     });\n      81 |\n\n      at toEqual (src/data/events/brotherDividend.test.ts:78:51)\n      at Object._loop (src/data/events/brotherDividend.test.ts:75:53)\n\n  ● exactly one temperature is possible at a time › and the temperature is the one the number says\n\n    TypeError: Cannot read properties of undefined (reading 'name')\n\n      82 |     it('and the temperature is the one the number says', () => {\n      83 |         const nameAt = (trust: number) =>\n    > 84 |             VARIANTS.find(v => testAll(v.event.when, world(trust)))!.name;\n         |                                                                    ^\n      85 |         expect(nameAt(10)).toBe('cold');\n      86 |         expect(nameAt(49)).toBe('cold');\n      87 |         expect(nameAt(50)).toBe('warm');\n\n      at nameAt (src/data/events/brotherDividend.test.ts:84:68)\n      at Object.nameAt (src/data/events/brotherDividend.test.ts:85:16)\n\n  ● exactly one temperature is possible at a time › and the player starts cold, which is where he starts as a person\n\n    expect(received).toBe(expected) // Object.is equality\n\n    Expected: true\n    Received: false\n\n      94 |         expect(INITIAL_DIALS.brotherTrust).toBeLessThan(50);\n      95 |         expect(testAll(brotherDividendColdEvent.when, world(INITIAL_DIALS.brotherTrust)))\n    > 96 |             .toBe(true);\n         |              ^\n      97 |     });\n      98 | });\n      99 |\n\n      at Object.toBe (src/data/events/brotherDividend.test.ts:96:14)\n\n  ● the temperature is audible › cold goes through a lawyer, warm comes to your face\n\n    expect(received).toContain(expected) // indexOf\n\n    Expected substring: \"Farrow\"\n    Received string:    \"I am requisitioning an agenda item for the next board meeting: a shareholder distribution. I hold the 15% required to force the vote.\"\n\n      100 | describe('the temperature is audible', () => {\n      101 |     it('cold goes through a lawyer, warm comes to your face', () => {\n    > 102 |         expect(brotherDividendCold.nodes[0].text).toContain('Farrow');\n          |                                                   ^\n      103 |         expect(brotherDividendWarm.nodes[0].text).toContain('over a table');\n      104 |     });\n      105 |\n\n      at Object.toContain (src/data/events/brotherDividend.test.ts:102:51)\n\n  ● the temperature is audible › and the needle only exists where it can reach\n\n    expect(received).toContain(expected) // indexOf\n\n    Expected substring: \"Dad trusted you with all of it\"\n    Received string:    \"Are you free to talk about a dividend? Two million total across all shares, which means three hundred thousand for me. Two million across the register. Small enough that you might think it is not worth discussing. A dividend is the only thing a company does that acknowledges its shareholders directly. Dad trusted you with everything and assumed I would be fine without a say. I just want some recognition. It is not. But I am telling you honestly how it feels. All right. I would rather hear no directly from you than get ignored by corporate counsel. Thank you. Genuinely. I will put it to good use.\"\n\n      109 |         // In the cold version he is not hurt, he is filing.\n      110 |         const warm = brotherDividendWarm.nodes.map(n => n.text).join(' ');\n    > 111 |         expect(warm).toContain('Dad trusted you with all of it');\n          |                      ^\n      112 |         expect(brotherDividendCold.nodes.map(n => n.text).join(' '))\n      113 |             .not.toContain('Dad trusted you');\n      114 |     });\n\n      at Object.toContain (src/data/events/brotherDividend.test.ts:111:22)\n\n  ● the temperature is audible › cold ends in the minutes, warm ends in a conversation\n\n    expect(received).toContain(expected) // indexOf\n\n    Expected substring: \"my brother\"\n    Received string:    \"Are you free to talk about a dividend? Two million total across all shares, which means three hundred thousand for me. Two million across the register. Small enough that you might think it is not worth discussing. A dividend is the only thing a company does that acknowledges its shareholders directly. Dad trusted you with everything and assumed I would be fine without a say. I just want some recognition. It is not. But I am telling you honestly how it feels. All right. I would rather hear no directly from you than get ignored by corporate counsel. Thank you. Genuinely. I will put it to good use.\"\n\n      116 |     it('cold ends in the minutes, warm ends in a conversation', () => {\n      117 |         expect(brotherDividendCold.nodes.map(n => n.text).join(' ')).toContain('minutes');\n    > 118 |         expect(brotherDividendWarm.nodes.map(n => n.text).join(' ')).toContain('my brother');\n          |                                                                      ^\n      119 |     });\n      120 | });\n      121 |\n\n      at Object.toContain (src/data/events/brotherDividend.test.ts:118:70)\n\n  ● warmth does not make him safe › the close version carries the worst news in the arc\n\n    expect(received).toContain(expected) // indexOf\n\n    Expected substring: \"dinner with Halberd\"\n    Received string:    \"Two things: first, I am not pushing on dividends this year. The cash is better reinvested in the company.·\n    Second: Halberd approached me again. Twice this year over dinner. As a shareholder, I listen to what people value the stake at. I have done nothing behind your back. I listen to them, and then I bring the intel straight to you. They are looking to back a buyer and checking if the family would split in a vote. I told them we vote as one block. Understood. If they call, I will direct them away and let you know immediately.\"\n\n      126 |         // He has been having dinner with the fund that is financing somebody\n      127 |         // else's run at the company - and he volunteers it.\n    > 128 |         expect(closeText).toContain('dinner with Halberd');\n          |                           ^\n      129 |         expect(closeText).toContain('lending');\n      130 |     });\n      131 |\n\n      at Object.toContain (src/data/events/brotherDividend.test.ts:128:27)\n\n  ● warmth does not make him safe › and he is telling you, which is the whole problem\n\n    expect(received).toContain(expected) // indexOf\n\n    Expected substring: \"I am telling you\"\n    Received string:    \"Two things: first, I am not pushing on dividends this year. The cash is better reinvested in the company.·\n    Second: Halberd approached me again. Twice this year over dinner. As a shareholder, I listen to what people value the stake at. I have done nothing behind your back. I listen to them, and then I bring the intel straight to you. They are looking to back a buyer and checking if the family would split in a vote. I told them we vote as one block. Understood. If they call, I will direct them away and let you know immediately.\"\n\n      135 |         // being in tension. The player cannot be angry without punishing\n      136 |         // honesty, which is the trap the character is built out of.\n    > 137 |         expect(closeText).toContain('I am telling you');\n          |                           ^\n      138 |         expect(closeText).toContain('I am allowed to have dinner');\n      139 |     });\n      140 |\n\n      at Object.toContain (src/data/events/brotherDividend.test.ts:137:27)\n\n  ● warmth does not make him safe › asking him to stop gets an honest refusal rather than a promise\n\n    expect(received).toContain(expected) // indexOf\n\n    Expected substring: \"we both know I will pick up the phone\"\n    Received string:    \"Understood. If they call, I will direct them away and let you know immediately.\"\n\n      141 |     it('asking him to stop gets an honest refusal rather than a promise', () => {\n      142 |         const node = brotherDividendClose.nodes.find(n => n.id === 'doNotAgain')!;\n    > 143 |         expect(node.text).toContain('we both know I will pick up the phone');\n          |                           ^\n      144 |     });\n      145 |\n      146 |     it('and objecting costs the player the channel', () => {\n\n      at Object.toContain (src/data/events/brotherDividend.test.ts:143:27)\n\n  ● warmth does not make him safe › and objecting costs the player the channel\n\n    TypeError: Cannot read properties of undefined (reading 'effects')\n\n      149 |         const node = brotherDividendClose.nodes.find(n => n.id === 'doNotAgain')!;\n      150 |         const refuse = node.choices!.find(c => c.text === 'That is not a promise.')!;\n    > 151 |         const d = refuse.effects!.find(e => e.kind === 'dial') as any;\n          |                          ^\n      152 |         expect(d.dial).toBe('brotherTrust');\n      153 |         expect(d.delta).toBeLessThan(0);\n      154 |     });\n\n      at Object.effects (src/data/events/brotherDividend.test.ts:151:26)\n","name":"/Users/salihkilic/Succesor/src/data/events/brotherDividend.test.ts","startTime":1786744526824,"status":"failed","summary":""},{"assertionResults":[{"ancestorTitles":["when it arrives"],"duration":0,"failureDetails":[],"failureMessages":[],"fullName":"when it arrives not before the fourth quarter","invocations":1,"location":null,"numPassingAsserts":4,"retryReasons":[],"status":"passed","title":"not before the fourth quarter"},{"ancestorTitles":["when it arrives"],"duration":0,"failureDetails":[],"failureMessages":[],"fullName":"when it arrives and never once he is gone","invocations":1,"location":null,"numPassingAsserts":2,"retryReasons":[],"status":"passed","title":"and never once he is gone"},{"ancestorTitles":["it cannot share an inbox with the news"],"duration":0,"failureDetails":[],"failureMessages":[],"fullName":"it cannot share an inbox with the news the death waits for the quarter after his","invocations":1,"location":null,"numPassingAsserts":2,"retryReasons":[],"status":"passed","title":"the death waits for the quarter after his"},{"ancestorTitles":["it cannot share an inbox with the news"],"duration":0,"failureDetails":[],"failureMessages":[],"fullName":"it cannot share an inbox with the news so there is no quarter in which both are due","invocations":1,"location":null,"numPassingAsserts":1,"retryReasons":[],"status":"passed","title":"so there is no quarter in which both are due"},{"ancestorTitles":["it cannot share an inbox with the news"],"duration":0,"failureDetails":[],"failureMessages":[],"fullName":"it cannot share an inbox with the news and his beat is checked first, so a late player still gets him","invocations":1,"location":null,"numPassingAsserts":2,"retryReasons":[],"status":"passed","title":"and his beat is checked first, so a late player still gets him"},{"ancestorTitles":["it cannot share an inbox with the news"],"duration":0,"failureDetails":[],"failureMessages":[],"fullName":"it cannot share an inbox with the news and both jump the queue, because his window is one quarter wide","invocations":1,"location":null,"numPassingAsserts":2,"retryReasons":[],"status":"passed","title":"and both jump the queue, because his window is one quarter wide"},{"ancestorTitles":["it cannot share an inbox with the news"],"duration":1,"failureDetails":[],"failureMessages":[],"fullName":"it cannot share an inbox with the news his window really is only the one quarter","invocations":1,"location":null,"numPassingAsserts":2,"retryReasons":[],"status":"passed","title":"his window really is only the one quarter"},{"ancestorTitles":["what it is"],"duration":1,"failureDetails":[],"failureMessages":[],"fullName":"what it is is registered and valid","invocations":1,"location":null,"numPassingAsserts":2,"retryReasons":[],"status":"passed","title":"is registered and valid"},{"ancestorTitles":["what it is"],"duration":0,"failureDetails":[],"failureMessages":[],"fullName":"what it is teaches nothing and costs nothing","invocations":1,"location":null,"numPassingAsserts":1,"retryReasons":[],"status":"passed","title":"teaches nothing and costs nothing"},{"ancestorTitles":["what it is"],"duration":1,"failureDetails":[],"failureMessages":[],"fullName":"what it is names no screen and gives no instruction","invocations":1,"location":null,"numPassingAsserts":1,"retryReasons":[],"status":"passed","title":"names no screen and gives no instruction"},{"ancestorTitles":["what it is"],"duration":0,"failureDetails":[],"failureMessages":[],"fullName":"what it is is not a goodbye, because he does not know","invocations":1,"location":null,"numPassingAsserts":1,"retryReasons":[],"status":"passed","title":"is not a goodbye, because he does not know"},{"ancestorTitles":["what it is"],"duration":1,"failureDetails":[],"failureMessages":[],"fullName":"what it is gets to the edge of something and stops","invocations":1,"location":null,"numPassingAsserts":2,"retryReasons":[],"status":"passed","title":"gets to the edge of something and stops"},{"ancestorTitles":["what it is"],"duration":7,"failureDetails":[],"failureMessages":[],"fullName":"what it is will not say it even when asked twice","invocations":1,"location":null,"numPassingAsserts":2,"retryReasons":[],"status":"passed","title":"will not say it even when asked twice"},{"ancestorTitles":["what it is"],"duration":0,"failureDetails":[],"failureMessages":[],"fullName":"what it is ends on a filing cabinet","invocations":1,"location":null,"numPassingAsserts":2,"retryReasons":[],"status":"passed","title":"ends on a filing cabinet"}],"endTime":1786744527596,"message":"","name":"/Users/salihkilic/Succesor/src/data/story/fatherQ4.test.ts","startTime":1786744527530,"status":"passed","summary":""},{"assertionResults":[{"ancestorTitles":["all of it is in the game"],"duration":10,"failureDetails":[],"failureMessages":[],"fullName":"all of it is in the game every scene is registered and valid","invocations":1,"location":null,"numPassingAsserts":18,"retryReasons":[],"status":"passed","title":"every scene is registered and valid"},{"ancestorTitles":["all of it is in the game"],"duration":0,"failureDetails":[],"failureMessages":[],"fullName":"all of it is in the game the wave is queued as beats, in the order it should be read","invocations":1,"location":null,"numPassingAsserts":3,"retryReasons":[],"status":"passed","title":"the wave is queued as beats, in the order it should be read"},{"ancestorTitles":["all of it is in the game"],"duration":6,"failureDetails":[],"failureMessages":[],"fullName":"all of it is in the game and none of it is urgent, because the pacing IS the wave","invocations":1,"location":null,"numPassingAsserts":8,"retryReasons":[],"status":"passed","title":"and none of it is urgent, because the pacing IS the wave"},{"ancestorTitles":["the wave is on a quarter, not on Pear being answered"],"duration":3,"failureDetails":[],"failureMessages":[],"fullName":"the wave is on a quarter, not on Pear being answered does not arrive in the quarter of the death it
[...]
ild/run.js:71:3)\n    at runAndTransformResultsToJestFormat (/Users/salihkilic/Succesor/node_modules/jest-circus/build/legacy-code-todo-rewrite/jestAdapterInit.js:122:21)\n    at jestAdapter (/Users/salihkilic/Succesor/node_modules/jest-circus/build/legacy-code-todo-rewrite/jestAdapter.js:79:19)\n    at runTestInternal (/Users/salihkilic/Succesor/node_modules/jest-runner/build/runTest.js:367:16)\n    at runTest (/Users/salihkilic/Succesor/node_modules/jest-runner/build/runTest.js:444:34)\n    at Object.worker (/Users/salihkilic/Succesor/node_modules/jest-runner/build/testWorker.js:106:12)"],"fullName":"the memo is where she talks herself down but writes the cost down so the record shows she knew","invocations":1,"location":null,"numPassingAsserts":0,"retryReasons":[],"status":"failed","title":"but writes the cost down so the record shows she knew"},{"ancestorTitles":["the memo is where she talks herself down"],"duration":0,"failureDetails":[{}],"failureMessages":["TypeError: Cannot read properties of undefined (reading 'effects')\n    at Object.effects (/Users/salihkilic/Succesor/src/data/events/labPressure.test.ts:253:25)\n    at Promise.then.completed (/Users/salihkilic/Succesor/node_modules/jest-circus/build/utils.js:298:28)\n    at new Promise (<anonymous>)\n    at callAsyncCircusFn (/Users/salihkilic/Succesor/node_modules/jest-circus/build/utils.js:231:10)\n    at _callCircusTest (/Users/salihkilic/Succesor/node_modules/jest-circus/build/run.js:316:40)\n    at processTicksAndRejections (node:internal/process/task_queues:95:5)\n    at _runTest (/Users/salihkilic/Succesor/node_modules/jest-circus/build/run.js:252:3)\n    at _runTestsForDescribeBlock (/Users/salihkilic/Succesor/node_modules/jest-circus/build/run.js:126:9)\n    at _runTestsForDescribeBlock (/Users/salihkilic/Succesor/node_modules/jest-circus/build/run.js:121:9)\n    at run (/Users/salihkilic/Succesor/node_modules/jest-circus/build/run.js:71:3)\n    at runAndTransformResultsToJestFormat (/Users/salihkilic/Succesor/node_modules/jest-circus/build/legacy-code-todo-rewrite/jestAdapterInit.js:122:21)\n    at jestAdapter (/Users/salihkilic/Succesor/node_modules/jest-circus/build/legacy-code-todo-rewrite/jestAdapter.js:79:19)\n    at runTestInternal (/Users/salihkilic/Succesor/node_modules/jest-runner/build/runTest.js:367:16)\n    at runTest (/Users/salihkilic/Succesor/node_modules/jest-runner/build/runTest.js:444:34)\n    at Object.worker (/Users/salihkilic/Succesor/node_modules/jest-runner/build/testWorker.js:106:12)"],"fullName":"the memo is where she talks herself down and the player can hand her the number back","invocations":1,"location":null,"numPassingAsserts":0,"retryReasons":[],"status":"failed","title":"and the player can hand her the number back"},{"ancestorTitles":["backing her and doing nothing are different things"],"duration":1,"failureDetails":[],"failureMessages":[],"fullName":"backing her and doing nothing are different things the flag records what was said, and the number records what happened","invocations":1,"location":null,"numPassingAsserts":3,"retryReasons":[],"status":"passed","title":"the flag records what was said, and the number records what happened"},{"ancestorTitles":["backing her and doing nothing are different things"],"duration":0,"failureDetails":[],"failureMessages":[],"fullName":"backing her and doing nothing are different things she notices once, ever","invocations":1,"location":null,"numPassingAsserts":1,"retryReasons":[],"status":"passed","title":"she notices once, ever"},{"ancestorTitles":["backing her and doing nothing are different things"],"duration":0,"failureDetails":[{"matcherResult":{"message":"expect(received).toContain(expected) // indexOf\n\nExpected substring: \"stop holding the two benches\"\nReceived string:    \"Understood. I will reassign the reserved lab space to operations for now.\"","pass":false}}],"failureMessages":["Error: expect(received).toContain(expected) // indexOf\n\nExpected substring: \"stop holding the two benches\"\nReceived string:    \"Understood. I will reassign the reserved lab space to operations for now.\"\n    at Object.toContain (/Users/salihkilic/Succesor/src/data/events/labPressure.test.ts:280:14)\n    at Promise.then.completed (/Users/salihkilic/Succesor/node_modules/jest-circus/build/utils.js:298:28)\n    at new Promise (<anonymous>)\n    at callAsyncCircusFn (/Users/salihkilic/Succesor/node_modules/jest-circus/build/utils.js:231:10)\n    at _callCircusTest (/Users/salihkilic/Succesor/node_modules/jest-circus/build/run.js:316:40)\n    at processTicksAndRejections (node:internal/process/task_queues:95:5)\n    at _runTest (/Users/salihkilic/Succesor/node_modules/jest-circus/build/run.js:252:3)\n    at _runTestsForDescribeBlock (/Users/salihkilic/Succesor/node_modules/jest-circus/build/run.js:126:9)\n    at _runTestsForDescribeBlock (/Users/salihkilic/Succesor/node_modules/jest-circus/build/run.js:121:9)\n    at run (/Users/salihkilic/Succesor/node_modules/jest-circus/build/run.js:71:3)\n    at runAndTransformResultsToJestFormat (/Users/salihkilic/Succesor/node_modules/jest-circus/build/legacy-code-todo-rewrite/jestAdapterInit.js:122:21)\n    at jestAdapter (/Users/salihkilic/Succesor/node_modules/jest-circus/build/legacy-code-todo-rewrite/jestAdapter.js:79:19)\n    at runTestInternal (/Users/salihkilic/Succesor/node_modules/jest-runner/build/runTest.js:367:16)\n    at runTest (/Users/salihkilic/Succesor/node_modules/jest-runner/build/runTest.js:444:34)\n    at Object.worker (/Users/salihkilic/Succesor/node_modules/jest-runner/build/testWorker.js:106:12)"],"fullName":"backing her and doing nothing are different things and there is no consequence, only a smaller room","invocations":1,"location":null,"numPassingAsserts":1,"retryReasons":[],"status":"failed","title":"and there is no consequence, only a smaller room"},{"ancestorTitles":["backing her and doing nothing are different things"],"duration":1,"failureDetails":[{"matcherResult":{"message":"expect(received).toContain(expected) // indexOf\n\nExpected substring: \"genuinely fine\"\nReceived string:    \"Understood. You can allocate researchers directly on the Laboratory screen when ready.\"","pass":false}}],"failureMessages":["Error: expect(received).toContain(expected) // indexOf\n\nExpected substring: \"genuinely fine\"\nReceived string:    \"Understood. You can allocate researchers directly on the Laboratory screen when ready.\"\n    at Object.toContain (/Users/salihkilic/Succesor/src/data/events/labPressure.test.ts:285:27)\n    at Promise.then.completed (/Users/salihkilic/Succesor/node_modules/jest-circus/build/utils.js:298:28)\n    at new Promise (<anonymous>)\n    at callAsyncCircusFn (/Users/salihkilic/Succesor/node_modules/jest-circus/build/utils.js:231:10)\n    at _callCircusTest (/Users/salihkilic/Succesor/node_modules/jest-circus/build/run.js:316:40)\n    at processTicksAndRejections (node:internal/process/task_queues:95:5)\n    at _runTest (/Users/salihkilic/Succesor/node_modules/jest-circus/build/run.js:252:3)\n    at _runTestsForDescribeBlock (/Users/salihkilic/Succesor/node_modules/jest-circus/build/run.js:126:9)\n    at _runTestsForDescribeBlock (/Users/salihkilic/Succesor/node_modules/jest-circus/build/run.js:121:9)\n    at run (/Users/salihkilic/Succesor/node_modules/jest-circus/build/run.js:71:3)\n    at runAndTransformResultsToJestFormat (/Users/salihkilic/Succesor/node_modules/jest-circus/build/legacy-code-todo-rewrite/jestAdapterInit.js:122:21)\n    at jestAdapter (/Users/salihkilic/Succesor/node_modules/jest-circus/build/legacy-code-todo-rewrite/jestAdapter.js:79:19)\n    at runTestInternal (/Users/salihkilic/Succesor/node_modules/jest-runner/build/runTest.js:367:16)\n    at runTest (/Users/salihkilic/Succesor/node_modules/jest-runner/build/runTest.js:444:34)\n    at Object.worker (/Users/salihkilic/Succesor/node_modules/jest-runner/build/testWorker.js:106:12)"],"fullName":"backing her and doing nothing are different things and forgetting is forgiven without a lecture","invocations":1,"location":null,"numPassingAsserts":0,"retryReasons":[],"status":"failed","title":"and forgetting is forgiven without a lecture"},{"ancestorTitles":["she has no dial either"],"duration":0,"failureDetails":[],"failureMessages":[],"fullName":"she has no dial either nothing she does moves a relationship","invocations":1,"location":null,"numPassingAsserts":1,"retryReasons":[],"status":"passed","title":"nothing she does moves a relationship"}],"endTime":1786744527675,"message":"  ● the company starts with a chief technology officer and no technology › and she blames herself as well as him\n\n    expect(received).toContain(expected) // indexOf\n\n    Expected substring: \"he was right about that for roughly fifteen years\"\n    Received string:    \"He believed research was an expense only for firms running out of sales ideas. That worked for years, but our core line now faces a technology ceiling.\"\n\n      103 |         // A character who only indicts the dead man is flattering the player.\n      104 |         const why = ctoDarkLab.nodes.find(n => n.id === 'why')!;\n    > 105 |         expect(why.text).toContain('he was right about that for roughly fifteen years');\n          |                          ^\n      106 |         expect(why.text).toContain('That part is mine, not his');\n      107 |     });\n      108 |\n\n      at Object.toContain (src/data/events/labPressure.test.ts:105:26)\n\n  ● the company starts with a chief technology officer and no technology › and she can state the case against her own department\n\n    expect(received).toContain(expected) // indexOf\n\n    Expected substring: \"I am not asking because research is virtuous\"\n    Received string:    \"It did, on one focused product. But without new technology, growth will stall.\"\n\n      109 |     it('and she can state the case against her own department', () => {\n      110 |         const good = ctoDarkLab.nodes.find(n => n.id === 'goodCompany')!;\n    > 111 |         expect(good.text).toContain('I am not asking because research is virtuous');\n          |                           ^\n      112 |     });\n      113 | });\n      114 |\n\n      at Object.toContain (src/data/events/labPressure.test.ts:111:27)\n\n  ● every number she quotes is the engine's › fifty is under three times fifteen, for three and a third times the wages\n\n    expect(received).toContain(expected) // indexOf\n\n    Expected substring: \"three and a third times the wages for under three times the work\"\n    Received string:    \"Fifteen researchers. A focused team capable of delivering our next-generation architecture in two years.\"\n\n      120 |         expect(wages).toBeGreaterThan(3.3);\n      121 |         expect(ctoDarkLab.nodes.find(n => n.id === 'what')!.text)\n    > 122 |             .toContain('three and a third times the wages for under three times the work');\n          |              ^\n      123 |     });\n      124 |\n      125 |     it('and eight is a bit under six tenths of fifteen', () => {\n\n      at Object.toContain (src/data/events/labPressure.test.ts:122:14)\n\n  ● every number she quotes is the engine's › and eight is a bit under six tenths of fifteen\n\n    expect(received).toContain(expected) // indexOf\n\n    Expected substring: \"a bit under six tenths of the work of fifteen\"\n    Received string:    \"Timing: development extends from two years to roughly three. A smaller team moves at a measured pace.\"\n\n      128 |         expect(ratio).toBeLessThan(0.60);\n      129 |         expect(ctoBudgetMemo.nodes.find(n => n.id === 'cost')!.text)\n    > 130 |             .toContain('a bit under six tenths of the work of fifteen');\n          |              ^\n      131 |     });\n      132 |\n      133 |     it('so the two years she quotes really does become closer to three', () => {\n\n      at Object.toContain (src/data/events/labPressure.test.ts:130:14)\n\n  ● every number she quotes is the engine's › so the two years she quotes really does become closer to three\n\n    expect(received).toContain(expected) // indexOf\n\n    Expected substring: \"second product in two years\"\n    Received string:    \"Fifteen researchers. A focused team capable of delivering our next-generation architecture in two years.\"\n\n      139 |         expect(quarters / 4).toBeLessThan(3.6);\n      140 |         expect(ctoDarkLab.nodes.find(n => n.id === 'what')!.text)\n    > 141 |             .toContain('second product in two years');\n          |              ^\n      142 |         expect(ctoBudgetMemo.nodes.find(n => n.id === 'cost')!.text)\n      143 |             .toContain('closer to three');\n      144 |     });\n\n      at Object.toContain (src/data/events/labPressure.test.ts:141:14)\n\n  ● the same morning at two companies › and she says why there is nothing to ask for\n\n    expect(received).toContain(expected) // indexOf\n\n    Expected substring: \"first real answer in about three years\"\n    Received string:    \"Starting a lab from zero today means three years until release. For this cycle, our only immediate lever is pricing.\"\n\n      188 |     it('and she says why there is nothing to ask for', () => {\n      189 |         const sayIt = ctoTooLate.nodes.find(n => n.id === 'sayIt')!;\n    > 190 |         expect(sayIt.text).toContain('first real answer in about three years');\n          |                            ^\n      191 |         expect(sayIt.text).toContain('two-year product');\n      192 |         expect(sayIt.text).toContain('We are not in it');\n      193 |     });\n\n      at Object.toContain (src/data/events/labPressure.test.ts:190:28)\n\n  ● the same morning at two companies › and she is not bitter about it\n\n    expect(received).toContain(expected) // indexOf\n\n    Expected substring: \"kept the benches clean\"\n    Received string:    \"I will submit standard quarterly reporting.\"\n\n      196 |         const last = ctoTooLate.nodes.find(n => n.id === 'understood')!;\n      197 |         expect(last.choices ?? []).toEqual([]);\n    > 198 |         expect(last.text).toContain('kept the benches clean');\n          |                           ^\n      199 |     });\n      200 | });\n      201 |\n\n      at Object.toContain (src/data/events/labPressure.test.ts:198:27)\n\n  ● saying no does not close her › the memo arrives even when the player declines it\n\n    TypeError: Cannot read properties of undefined (reading 'effects')\n\n      206 |         const decline = ctoDarkLab.nodes.find(n => n.id === 'notThisYear')!\n      207 |             .choices!.find(ch => ch.text === 'Do not bother.')!;\n    > 208 |         expect((decline.effects ?? []).some(e =>\n          |                         ^\n      209 |             e.kind === 'schedule' && (e as any).conversation === ctoBudgetMemo.id)).toBe(true);\n      210 |     });\n      211 |\n\n      at Object.effects (src/data/events/labPressure.test.ts:208:25)\n\n  ● the memo is where she talks herself down › she asks for less on paper than she asked for out loud\n\n    expect(received).toContain(expected) // indexOf\n\n    Expected substring: \"Fifteen people. Not fifty.\"\n    Received string:    \"Fifteen researchers. A focused team capable of delivering our next-generation architecture in two years.\"\n\n      234 | describe('the memo is where she talks herself down', () => {\n      235 |     it('she asks for less on paper than she asked for out loud', () => {\n    > 236 |         expect(ctoDarkLab.nodes.find(n => n.id === 'what')!.text).toContain('Fifteen people. Not fifty.');\n          |                                                                   ^\n      237 |         expect(ctoBudgetMemo.nodes[0].text).toContain('eight rather than the fifteen I said out loud');\n      238 |     });\n      239 |\n\n      at Object.toContain (src/data/events/labPressure.test.ts:236:67)\n\n  ● the memo is where she talks herself down › and says plainly that eight is not what she would do\n\n    expect(received).toContain(expected) // indexOf\n\n    Expected substring: \"Eight is not what I would do\"\n    Received string:    \"Following our discussion, I am formally requesting eight researchers rather than fifteen to balance cost with delivery timelines.·\n    P.R.\"\n\n      239 |\n      240 |     it('and says plainly that eight is not what she would do', () => {\n    > 241 |         expect(ctoBudgetMemo.nodes[0].text).toContain('Eight is not what I would do');\n          |                                             ^\n      242 |         expect(ctoBudgetMemo.nodes[0].text).toContain('a number you can approve');\n      243 |     });\n      244 |\n\n      at Object.toContain (src/data/events/labPressure.test.ts:241:45)\n\n  ● the memo is where she talks herself down › but writes the cost down so the record shows she knew\n\n    expect(received).toContain(expected) // indexOf\n\n    Expected substring: \"nobody, including me\"\n    Received string:    \"Timing: development extends from two years to roughly three. A smaller team moves at a measured pace.\"\n\n      245 |     it('but writes the cost down so the record shows she knew', () => {\n      246 |         expect(ctoBudgetMemo.nodes.find(n => n.id === 'cost')!.text)\n    > 247 |             .toContain('nobody, including me');\n          |              ^\n      248 |     });\n      249 |\n      250 |     it('and the player can hand her the number back', () => {\n\n      at Object.toContain (src/data/events/labPressure.test.ts:247:14)\n\n  ● the memo is where she talks herself down › and the player can hand her the number back\n\n    TypeError: Cannot read properties of undefined (reading 'effects')\n\n      251 |         const restore = ctoBudgetMemo.nodes.find(n => n.id === 'cost')!\n      252 |             .choices!.find(ch => ch.text.startsWith('Then ask for fifteen'))!;\n    > 253 |         expect((restore.effects ?? []).some(e =>\n          |                         ^\n      254 |             e.kind === 'flag' && (e as any).flag === 'labBacked')).toBe(true);\n      255 |         // She answers on the OTHER channel, which is the pair's whole shape:\n      256 |         // the letter was the retreat, the text is the person.\n\n      at Object.effects (src/data/events/labPressure.test.ts:253:25)\n\n  ● backing her and doing nothing are different things › and there is no consequence, only a smaller room\n\n    expect(received).toContain(expected) // indexOf\n\n    Expected substring: \"stop holding the two benches\"\n    Received string:    \"Understood. I will reassign the reserved lab space to operations for now.\"\n\n      278 |         expect(effects).toEqual([]);\n      279 |         expect(ctoStillEmpty.nodes.find(n => n.id === 'decision')!.text)\n    > 280 |             .toContain('stop holding the two benches');\n          |              ^\n      281 |     });\n      282 |\n      283 |     it('and forgetting is forgiven without a lecture', () => {\n\n      at Object.toContain (src/data/events/labPressure.test.ts:280:14)\n\n  ● backing her and doing nothing are different things › and forgetting is forgiven without a lecture\n\n    expect(received).toContain(expected) // indexOf\n\n    Expected substring: \"genuinely fine\"\n    Received string:    \"Understood. You can allocate researchers directly on the Laboratory screen when ready.\"\n\n      283 |     it('and forgetting is forgiven without a lecture', () => {\n      284 |         const fell = ctoStillEmpty.nodes.find(n => n.id === 'fellOff')!;\n    > 285 |         expect(fell.text).toContain('genuinely fine');\n          |                           ^\n      286 |         expect(fell.text).toContain('laboratory screen');\n      287 |     });\n      288 | });\n\n      at Object.toContain (src/data/events/labPressure.test.ts:285:27)\n","name":"/Users/salihkilic/Succesor/src/data/events/labPressure.test.ts","startTime":1786744526848,"status":"failed","summary":""}],"wasInterrupted":false}
